2021-11-29 13:09:11 [main] INFO  o.s.b.t.c.SpringBootTestContextBootstrapper - Neither @ContextConfiguration nor @ContextHierarchy found for test class [com.bankaya.deliverable.pokedex.pokeapp.endpoint.PokeappIntegrationTest], using SpringBootContextLoader
2021-11-29 13:09:11 [main] INFO  o.s.t.c.s.AbstractContextLoader - Could not detect default resource locations for test class [com.bankaya.deliverable.pokedex.pokeapp.endpoint.PokeappIntegrationTest]: no resource found for suffixes {-context.xml, Context.groovy}.
2021-11-29 13:09:11 [main] INFO  o.s.t.c.s.AnnotationConfigContextLoaderUtils - Could not detect default configuration classes for test class [com.bankaya.deliverable.pokedex.pokeapp.endpoint.PokeappIntegrationTest]: ApplicationIntegrationTest does not declare any static, non-private, non-final, nested classes annotated with @Configuration.
2021-11-29 13:09:12 [main] INFO  o.s.b.t.c.SpringBootTestContextBootstrapper - Found @SpringBootConfiguration com.bankaya.deliverable.pokedex.pokeapp.PokeApplication for test class com.bankaya.deliverable.pokedex.pokeapp.endpoint.PokeappIntegrationTest
2021-11-29 13:09:12 [main] INFO  o.s.b.t.c.SpringBootTestContextBootstrapper - Loaded default TestExecutionListener class names from location [META-INF/spring.factories]: [org.springframework.boot.test.mock.mockito.MockitoTestExecutionListener, org.springframework.boot.test.mock.mockito.ResetMocksTestExecutionListener, org.springframework.boot.test.autoconfigure.restdocs.RestDocsTestExecutionListener, org.springframework.boot.test.autoconfigure.web.client.MockRestServiceServerResetTestExecutionListener, org.springframework.boot.test.autoconfigure.web.servlet.MockMvcPrintOnlyOnFailureTestExecutionListener, org.springframework.boot.test.autoconfigure.web.servlet.WebDriverTestExecutionListener, org.springframework.boot.test.autoconfigure.webservices.client.MockWebServiceServerTestExecutionListener, org.springframework.test.context.web.ServletTestExecutionListener, org.springframework.test.context.support.DirtiesContextBeforeModesTestExecutionListener, org.springframework.test.context.event.ApplicationEventsTestExecutionListener, org.springframework.test.context.support.DependencyInjectionTestExecutionListener, org.springframework.test.context.support.DirtiesContextTestExecutionListener, org.springframework.test.context.transaction.TransactionalTestExecutionListener, org.springframework.test.context.jdbc.SqlScriptsTestExecutionListener, org.springframework.test.context.event.EventPublishingTestExecutionListener]
2021-11-29 13:09:12 [main] INFO  o.s.b.t.c.SpringBootTestContextBootstrapper - Using TestExecutionListeners: [org.springframework.test.context.web.ServletTestExecutionListener@68ead359, org.springframework.test.context.support.DirtiesContextBeforeModesTestExecutionListener@6b53bcc2, org.springframework.test.context.event.ApplicationEventsTestExecutionListener@180da663, org.springframework.boot.test.mock.mockito.MockitoTestExecutionListener@a43ce46, org.springframework.boot.test.autoconfigure.SpringBootDependencyInjectionTestExecutionListener@340da44c, org.springframework.test.context.support.DirtiesContextTestExecutionListener@424ebba3, org.springframework.test.context.transaction.TransactionalTestExecutionListener@37052337, org.springframework.test.context.jdbc.SqlScriptsTestExecutionListener@2320fa6f, org.springframework.test.context.event.EventPublishingTestExecutionListener@7a560583, org.springframework.boot.test.mock.mockito.ResetMocksTestExecutionListener@4d722ac9, org.springframework.boot.test.autoconfigure.restdocs.RestDocsTestExecutionListener@53f0a4cb, org.springframework.boot.test.autoconfigure.web.client.MockRestServiceServerResetTestExecutionListener@77a7cf58, org.springframework.boot.test.autoconfigure.web.servlet.MockMvcPrintOnlyOnFailureTestExecutionListener@3d97a632, org.springframework.boot.test.autoconfigure.web.servlet.WebDriverTestExecutionListener@616fe72b, org.springframework.boot.test.autoconfigure.webservices.client.MockWebServiceServerTestExecutionListener@37efd131]
2021-11-29 13:09:12 [main] INFO  c.b.d.p.p.e.ApplicationIntegrationTest - Starting ApplicationIntegrationTest using Java 11.0.10 on LAPTOP-SC2LBLGV with PID 11020 (started by luis in C:\Users\luis_\Documents\learning\pokedex\pokeapp)
2021-11-29 13:09:12 [main] INFO  c.b.d.p.p.e.ApplicationIntegrationTest - No active profile set, falling back to default profiles: default
2021-11-29 13:09:13 [main] INFO  o.s.d.r.c.RepositoryConfigurationDelegate - Bootstrapping Spring Data JPA repositories in DEFAULT mode.
2021-11-29 13:09:13 [main] INFO  o.s.d.r.c.RepositoryConfigurationDelegate - Finished Spring Data repository scanning in 52 ms. Found 1 JPA repository interfaces.
2021-11-29 13:09:14 [main] INFO  o.s.c.s.PostProcessorRegistrationDelegate$BeanPostProcessorChecker - Bean 'webServiceConfig' of type [com.bankaya.deliverable.pokedex.pokeapp.config.WebServiceConfig$$EnhancerBySpringCGLIB$$811cc72e] is not eligible for getting processed by all BeanPostProcessors (for example: not eligible for auto-proxying)
2021-11-29 13:09:14 [main] INFO  o.s.c.s.PostProcessorRegistrationDelegate$BeanPostProcessorChecker - Bean 'org.springframework.ws.config.annotation.DelegatingWsConfiguration' of type [org.springframework.ws.config.annotation.DelegatingWsConfiguration$$EnhancerBySpringCGLIB$$59a81e8c] is not eligible for getting processed by all BeanPostProcessors (for example: not eligible for auto-proxying)
2021-11-29 13:09:14 [main] INFO  o.s.w.s.a.s.AnnotationActionEndpointMapping - Supporting [WS-Addressing August 2004, WS-Addressing 1.0]
2021-11-29 13:09:14 [main] INFO  o.s.b.w.e.tomcat.TomcatWebServer - Tomcat initialized with port(s): 0 (http)
2021-11-29 13:09:14 [main] INFO  o.a.coyote.http11.Http11NioProtocol - Initializing ProtocolHandler ["http-nio-auto-1"]
2021-11-29 13:09:14 [main] INFO  o.a.catalina.core.StandardService - Starting service [Tomcat]
2021-11-29 13:09:14 [main] INFO  o.a.catalina.core.StandardEngine - Starting Servlet engine: [Apache Tomcat/9.0.55]
2021-11-29 13:09:15 [main] INFO  o.a.c.c.C.[Tomcat].[localhost].[/] - Initializing Spring embedded WebApplicationContext
2021-11-29 13:09:15 [main] INFO  o.s.b.w.s.c.ServletWebServerApplicationContext - Root WebApplicationContext: initialization completed in 2303 ms
2021-11-29 13:09:15 [main] INFO  com.zaxxer.hikari.HikariDataSource - pokedexConnPool - Starting...
2021-11-29 13:09:15 [main] INFO  com.zaxxer.hikari.HikariDataSource - pokedexConnPool - Start completed.
2021-11-29 13:09:15 [main] INFO  o.s.b.a.h.H2ConsoleAutoConfiguration - H2 console available at '/h2-console'. Database available at 'jdbc:h2:mem:mydb'
2021-11-29 13:09:15 [main] INFO  o.h.jpa.internal.util.LogHelper - HHH000204: Processing PersistenceUnitInfo [name: default]
2021-11-29 13:09:15 [main] INFO  org.hibernate.Version - HHH000412: Hibernate ORM core version 5.6.1.Final
2021-11-29 13:09:16 [main] INFO  o.h.annotations.common.Version - HCANN000001: Hibernate Commons Annotations {5.1.2.Final}
2021-11-29 13:09:16 [main] INFO  org.hibernate.dialect.Dialect - HHH000400: Using dialect: org.hibernate.dialect.H2Dialect
2021-11-29 13:09:16 [main] INFO  o.h.e.t.j.p.i.JtaPlatformInitiator - HHH000490: Using JtaPlatform implementation: [org.hibernate.engine.transaction.jta.platform.internal.NoJtaPlatform]
2021-11-29 13:09:16 [main] INFO  o.s.o.j.LocalContainerEntityManagerFactoryBean - Initialized JPA EntityManagerFactory for persistence unit 'default'
2021-11-29 13:09:17 [main] WARN  o.s.b.a.o.j.JpaBaseConfiguration$JpaWebConfiguration - spring.jpa.open-in-view is enabled by default. Therefore, database queries may be performed during view rendering. Explicitly configure spring.jpa.open-in-view to disable this warning
2021-11-29 13:09:18 [main] INFO  o.a.coyote.http11.Http11NioProtocol - Starting ProtocolHandler ["http-nio-auto-1"]
2021-11-29 13:09:18 [main] INFO  o.s.b.w.e.tomcat.TomcatWebServer - Tomcat started on port(s): 51378 (http) with context path ''
2021-11-29 13:09:18 [main] INFO  c.b.d.p.p.e.ApplicationIntegrationTest - Started ApplicationIntegrationTest in 5.806 seconds (JVM running for 7.469)
2021-11-29 13:09:18 [main] INFO  o.s.w.s.saaj.SaajSoapMessageFactory - Creating SAAJ 1.3 MessageFactory with SOAP 1.1 Protocol
2021-11-29 13:09:18 [http-nio-auto-1-exec-1] INFO  o.a.c.c.C.[Tomcat].[localhost].[/] - Initializing Spring MessageDispatcherServlet 'messageDispatcherServlet'
2021-11-29 13:09:18 [http-nio-auto-1-exec-1] INFO  o.s.w.t.h.MessageDispatcherServlet - Initializing Servlet 'messageDispatcherServlet'
2021-11-29 13:09:18 [http-nio-auto-1-exec-1] INFO  o.s.w.s.saaj.SaajSoapMessageFactory - Creating SAAJ 1.3 MessageFactory with SOAP 1.1 Protocol
2021-11-29 13:09:18 [http-nio-auto-1-exec-1] INFO  o.s.w.t.h.MessageDispatcherServlet - Completed initialization in 11 ms
2021-11-29 13:09:20 [SpringApplicationShutdownHook] INFO  o.s.o.j.LocalContainerEntityManagerFactoryBean - Closing JPA EntityManagerFactory for persistence unit 'default'
2021-11-29 13:09:20 [SpringApplicationShutdownHook] INFO  o.h.t.s.i.SchemaDropperImpl$DelayedDropActionImpl - HHH000477: Starting delayed evictData of schema as part of SessionFactory shut-down'
2021-11-29 13:09:20 [SpringApplicationShutdownHook] INFO  com.zaxxer.hikari.HikariDataSource - pokedexConnPool - Shutdown initiated...
2021-11-29 13:09:20 [SpringApplicationShutdownHook] INFO  com.zaxxer.hikari.HikariDataSource - pokedexConnPool - Shutdown completed.
2021-11-29 13:13:02 [main] INFO  o.s.b.t.c.SpringBootTestContextBootstrapper - Neither @ContextConfiguration nor @ContextHierarchy found for test class [com.bankaya.deliverable.pokedex.pokeapp.endpoint.PokeappIntegrationTest], using SpringBootContextLoader
2021-11-29 13:13:02 [main] INFO  o.s.t.c.s.AbstractContextLoader - Could not detect default resource locations for test class [com.bankaya.deliverable.pokedex.pokeapp.endpoint.PokeappIntegrationTest]: no resource found for suffixes {-context.xml, Context.groovy}.
2021-11-29 13:13:02 [main] INFO  o.s.t.c.s.AnnotationConfigContextLoaderUtils - Could not detect default configuration classes for test class [com.bankaya.deliverable.pokedex.pokeapp.endpoint.PokeappIntegrationTest]: ApplicationIntegrationTest does not declare any static, non-private, non-final, nested classes annotated with @Configuration.
2021-11-29 13:13:02 [main] INFO  o.s.b.t.c.SpringBootTestContextBootstrapper - Found @SpringBootConfiguration com.bankaya.deliverable.pokedex.pokeapp.PokeApplication for test class com.bankaya.deliverable.pokedex.pokeapp.endpoint.PokeappIntegrationTest
2021-11-29 13:13:03 [main] INFO  o.s.b.t.c.SpringBootTestContextBootstrapper - Loaded default TestExecutionListener class names from location [META-INF/spring.factories]: [org.springframework.boot.test.mock.mockito.MockitoTestExecutionListener, org.springframework.boot.test.mock.mockito.ResetMocksTestExecutionListener, org.springframework.boot.test.autoconfigure.restdocs.RestDocsTestExecutionListener, org.springframework.boot.test.autoconfigure.web.client.MockRestServiceServerResetTestExecutionListener, org.springframework.boot.test.autoconfigure.web.servlet.MockMvcPrintOnlyOnFailureTestExecutionListener, org.springframework.boot.test.autoconfigure.web.servlet.WebDriverTestExecutionListener, org.springframework.boot.test.autoconfigure.webservices.client.MockWebServiceServerTestExecutionListener, org.springframework.test.context.web.ServletTestExecutionListener, org.springframework.test.context.support.DirtiesContextBeforeModesTestExecutionListener, org.springframework.test.context.event.ApplicationEventsTestExecutionListener, org.springframework.test.context.support.DependencyInjectionTestExecutionListener, org.springframework.test.context.support.DirtiesContextTestExecutionListener, org.springframework.test.context.transaction.TransactionalTestExecutionListener, org.springframework.test.context.jdbc.SqlScriptsTestExecutionListener, org.springframework.test.context.event.EventPublishingTestExecutionListener]
2021-11-29 13:13:03 [main] INFO  o.s.b.t.c.SpringBootTestContextBootstrapper - Using TestExecutionListeners: [org.springframework.test.context.web.ServletTestExecutionListener@53f0a4cb, org.springframework.test.context.support.DirtiesContextBeforeModesTestExecutionListener@77a7cf58, org.springframework.test.context.event.ApplicationEventsTestExecutionListener@3d97a632, org.springframework.boot.test.mock.mockito.MockitoTestExecutionListener@616fe72b, org.springframework.boot.test.autoconfigure.SpringBootDependencyInjectionTestExecutionListener@37efd131, org.springframework.test.context.support.DirtiesContextTestExecutionListener@7e7b159b, org.springframework.test.context.transaction.TransactionalTestExecutionListener@7e5d9a50, org.springframework.test.context.jdbc.SqlScriptsTestExecutionListener@60957c0f, org.springframework.test.context.event.EventPublishingTestExecutionListener@293a5f75, org.springframework.boot.test.mock.mockito.ResetMocksTestExecutionListener@fcb4004, org.springframework.boot.test.autoconfigure.restdocs.RestDocsTestExecutionListener@1dd6d4b7, org.springframework.boot.test.autoconfigure.web.client.MockRestServiceServerResetTestExecutionListener@56e8b606, org.springframework.boot.test.autoconfigure.web.servlet.MockMvcPrintOnlyOnFailureTestExecutionListener@2dd29a59, org.springframework.boot.test.autoconfigure.web.servlet.WebDriverTestExecutionListener@784c3487, org.springframework.boot.test.autoconfigure.webservices.client.MockWebServiceServerTestExecutionListener@53142455]
2021-11-29 13:13:03 [main] INFO  c.b.d.p.p.e.ApplicationIntegrationTest - Starting ApplicationIntegrationTest using Java 11.0.10 on LAPTOP-SC2LBLGV with PID 18484 (started by luis in C:\Users\luis_\Documents\learning\pokedex\pokeapp)
2021-11-29 13:13:03 [main] INFO  c.b.d.p.p.e.ApplicationIntegrationTest - No active profile set, falling back to default profiles: default
2021-11-29 13:13:04 [main] INFO  o.s.d.r.c.RepositoryConfigurationDelegate - Bootstrapping Spring Data JPA repositories in DEFAULT mode.
2021-11-29 13:13:04 [main] INFO  o.s.d.r.c.RepositoryConfigurationDelegate - Finished Spring Data repository scanning in 58 ms. Found 1 JPA repository interfaces.
2021-11-29 13:13:04 [main] INFO  o.s.c.s.PostProcessorRegistrationDelegate$BeanPostProcessorChecker - Bean 'webServiceConfig' of type [com.bankaya.deliverable.pokedex.pokeapp.config.WebServiceConfig$$EnhancerBySpringCGLIB$$f3d86518] is not eligible for getting processed by all BeanPostProcessors (for example: not eligible for auto-proxying)
2021-11-29 13:13:04 [main] INFO  o.s.c.s.PostProcessorRegistrationDelegate$BeanPostProcessorChecker - Bean 'org.springframework.ws.config.annotation.DelegatingWsConfiguration' of type [org.springframework.ws.config.annotation.DelegatingWsConfiguration$$EnhancerBySpringCGLIB$$cc63bc76] is not eligible for getting processed by all BeanPostProcessors (for example: not eligible for auto-proxying)
2021-11-29 13:13:04 [main] INFO  o.s.w.s.a.s.AnnotationActionEndpointMapping - Supporting [WS-Addressing August 2004, WS-Addressing 1.0]
2021-11-29 13:13:05 [main] INFO  o.s.b.w.e.tomcat.TomcatWebServer - Tomcat initialized with port(s): 0 (http)
2021-11-29 13:13:05 [main] INFO  o.a.coyote.http11.Http11NioProtocol - Initializing ProtocolHandler ["http-nio-auto-1"]
2021-11-29 13:13:05 [main] INFO  o.a.catalina.core.StandardService - Starting service [Tomcat]
2021-11-29 13:13:05 [main] INFO  o.a.catalina.core.StandardEngine - Starting Servlet engine: [Apache Tomcat/9.0.55]
2021-11-29 13:13:05 [main] INFO  o.a.c.c.C.[Tomcat].[localhost].[/] - Initializing Spring embedded WebApplicationContext
2021-11-29 13:13:05 [main] INFO  o.s.b.w.s.c.ServletWebServerApplicationContext - Root WebApplicationContext: initialization completed in 2293 ms
2021-11-29 13:13:06 [main] INFO  com.zaxxer.hikari.HikariDataSource - pokedexConnPool - Starting...
2021-11-29 13:13:06 [main] INFO  com.zaxxer.hikari.HikariDataSource - pokedexConnPool - Start completed.
2021-11-29 13:13:06 [main] INFO  o.s.b.a.h.H2ConsoleAutoConfiguration - H2 console available at '/h2-console'. Database available at 'jdbc:h2:mem:mydb'
2021-11-29 13:13:06 [main] INFO  o.h.jpa.internal.util.LogHelper - HHH000204: Processing PersistenceUnitInfo [name: default]
2021-11-29 13:13:06 [main] INFO  org.hibernate.Version - HHH000412: Hibernate ORM core version 5.6.1.Final
2021-11-29 13:13:06 [main] INFO  o.h.annotations.common.Version - HCANN000001: Hibernate Commons Annotations {5.1.2.Final}
2021-11-29 13:13:06 [main] INFO  org.hibernate.dialect.Dialect - HHH000400: Using dialect: org.hibernate.dialect.H2Dialect
2021-11-29 13:13:07 [main] INFO  o.h.e.t.j.p.i.JtaPlatformInitiator - HHH000490: Using JtaPlatform implementation: [org.hibernate.engine.transaction.jta.platform.internal.NoJtaPlatform]
2021-11-29 13:13:07 [main] INFO  o.s.o.j.LocalContainerEntityManagerFactoryBean - Initialized JPA EntityManagerFactory for persistence unit 'default'
2021-11-29 13:13:08 [main] WARN  o.s.b.a.o.j.JpaBaseConfiguration$JpaWebConfiguration - spring.jpa.open-in-view is enabled by default. Therefore, database queries may be performed during view rendering. Explicitly configure spring.jpa.open-in-view to disable this warning
2021-11-29 13:13:08 [main] INFO  o.a.coyote.http11.Http11NioProtocol - Starting ProtocolHandler ["http-nio-auto-1"]
2021-11-29 13:13:08 [main] INFO  o.s.b.w.e.tomcat.TomcatWebServer - Tomcat started on port(s): 51408 (http) with context path ''
2021-11-29 13:13:08 [main] INFO  c.b.d.p.p.e.ApplicationIntegrationTest - Started ApplicationIntegrationTest in 5.643 seconds (JVM running for 7.269)
2021-11-29 13:13:09 [main] INFO  o.s.w.s.saaj.SaajSoapMessageFactory - Creating SAAJ 1.3 MessageFactory with SOAP 1.1 Protocol
2021-11-29 13:13:09 [http-nio-auto-1-exec-1] INFO  o.a.c.c.C.[Tomcat].[localhost].[/] - Initializing Spring MessageDispatcherServlet 'messageDispatcherServlet'
2021-11-29 13:13:09 [http-nio-auto-1-exec-1] INFO  o.s.w.t.h.MessageDispatcherServlet - Initializing Servlet 'messageDispatcherServlet'
2021-11-29 13:13:09 [http-nio-auto-1-exec-1] INFO  o.s.w.s.saaj.SaajSoapMessageFactory - Creating SAAJ 1.3 MessageFactory with SOAP 1.1 Protocol
2021-11-29 13:13:09 [http-nio-auto-1-exec-1] INFO  o.s.w.t.h.MessageDispatcherServlet - Completed initialization in 11 ms
2021-11-29 13:13:10 [SpringApplicationShutdownHook] INFO  o.s.o.j.LocalContainerEntityManagerFactoryBean - Closing JPA EntityManagerFactory for persistence unit 'default'
2021-11-29 13:13:10 [SpringApplicationShutdownHook] INFO  o.h.t.s.i.SchemaDropperImpl$DelayedDropActionImpl - HHH000477: Starting delayed evictData of schema as part of SessionFactory shut-down'
2021-11-29 13:13:10 [SpringApplicationShutdownHook] INFO  com.zaxxer.hikari.HikariDataSource - pokedexConnPool - Shutdown initiated...
2021-11-29 13:13:10 [SpringApplicationShutdownHook] INFO  com.zaxxer.hikari.HikariDataSource - pokedexConnPool - Shutdown completed.
2021-11-29 13:14:43 [main] INFO  o.s.b.t.c.SpringBootTestContextBootstrapper - Neither @ContextConfiguration nor @ContextHierarchy found for test class [com.bankaya.deliverable.pokedex.pokeapp.endpoint.PokeappIntegrationTest], using SpringBootContextLoader
2021-11-29 13:14:43 [main] INFO  o.s.t.c.s.AbstractContextLoader - Could not detect default resource locations for test class [com.bankaya.deliverable.pokedex.pokeapp.endpoint.PokeappIntegrationTest]: no resource found for suffixes {-context.xml, Context.groovy}.
2021-11-29 13:14:43 [main] INFO  o.s.t.c.s.AnnotationConfigContextLoaderUtils - Could not detect default configuration classes for test class [com.bankaya.deliverable.pokedex.pokeapp.endpoint.PokeappIntegrationTest]: ApplicationIntegrationTest does not declare any static, non-private, non-final, nested classes annotated with @Configuration.
2021-11-29 13:14:43 [main] INFO  o.s.b.t.c.SpringBootTestContextBootstrapper - Found @SpringBootConfiguration com.bankaya.deliverable.pokedex.pokeapp.PokeApplication for test class com.bankaya.deliverable.pokedex.pokeapp.endpoint.PokeappIntegrationTest
2021-11-29 13:14:43 [main] INFO  o.s.b.t.c.SpringBootTestContextBootstrapper - Loaded default TestExecutionListener class names from location [META-INF/spring.factories]: [org.springframework.boot.test.mock.mockito.MockitoTestExecutionListener, org.springframework.boot.test.mock.mockito.ResetMocksTestExecutionListener, org.springframework.boot.test.autoconfigure.restdocs.RestDocsTestExecutionListener, org.springframework.boot.test.autoconfigure.web.client.MockRestServiceServerResetTestExecutionListener, org.springframework.boot.test.autoconfigure.web.servlet.MockMvcPrintOnlyOnFailureTestExecutionListener, org.springframework.boot.test.autoconfigure.web.servlet.WebDriverTestExecutionListener, org.springframework.boot.test.autoconfigure.webservices.client.MockWebServiceServerTestExecutionListener, org.springframework.test.context.web.ServletTestExecutionListener, org.springframework.test.context.support.DirtiesContextBeforeModesTestExecutionListener, org.springframework.test.context.event.ApplicationEventsTestExecutionListener, org.springframework.test.context.support.DependencyInjectionTestExecutionListener, org.springframework.test.context.support.DirtiesContextTestExecutionListener, org.springframework.test.context.transaction.TransactionalTestExecutionListener, org.springframework.test.context.jdbc.SqlScriptsTestExecutionListener, org.springframework.test.context.event.EventPublishingTestExecutionListener]
2021-11-29 13:14:43 [main] INFO  o.s.b.t.c.SpringBootTestContextBootstrapper - Using TestExecutionListeners: [org.springframework.test.context.web.ServletTestExecutionListener@fcb4004, org.springframework.test.context.support.DirtiesContextBeforeModesTestExecutionListener@1dd6d4b7, org.springframework.test.context.event.ApplicationEventsTestExecutionListener@56e8b606, org.springframework.boot.test.mock.mockito.MockitoTestExecutionListener@2dd29a59, org.springframework.boot.test.autoconfigure.SpringBootDependencyInjectionTestExecutionListener@784c3487, org.springframework.test.context.support.DirtiesContextTestExecutionListener@53142455, org.springframework.test.context.transaction.TransactionalTestExecutionListener@40dff0b7, org.springframework.test.context.jdbc.SqlScriptsTestExecutionListener@7966baa7, org.springframework.test.context.event.EventPublishingTestExecutionListener@60975100, org.springframework.boot.test.mock.mockito.ResetMocksTestExecutionListener@1253e7cb, org.springframework.boot.test.autoconfigure.restdocs.RestDocsTestExecutionListener@2d36e77e, org.springframework.boot.test.autoconfigure.web.client.MockRestServiceServerResetTestExecutionListener@61c9c3fd, org.springframework.boot.test.autoconfigure.web.servlet.MockMvcPrintOnlyOnFailureTestExecutionListener@3b0c9195, org.springframework.boot.test.autoconfigure.web.servlet.WebDriverTestExecutionListener@366c4480, org.springframework.boot.test.autoconfigure.webservices.client.MockWebServiceServerTestExecutionListener@2c7b5824]
2021-11-29 13:14:44 [main] INFO  c.b.d.p.p.e.ApplicationIntegrationTest - Starting ApplicationIntegrationTest using Java 11.0.10 on LAPTOP-SC2LBLGV with PID 19716 (started by luis in C:\Users\luis_\Documents\learning\pokedex\pokeapp)
2021-11-29 13:14:44 [main] INFO  c.b.d.p.p.e.ApplicationIntegrationTest - No active profile set, falling back to default profiles: default
2021-11-29 13:14:44 [main] INFO  o.s.d.r.c.RepositoryConfigurationDelegate - Bootstrapping Spring Data JPA repositories in DEFAULT mode.
2021-11-29 13:14:44 [main] INFO  o.s.d.r.c.RepositoryConfigurationDelegate - Finished Spring Data repository scanning in 54 ms. Found 1 JPA repository interfaces.
2021-11-29 13:14:45 [main] INFO  o.s.c.s.PostProcessorRegistrationDelegate$BeanPostProcessorChecker - Bean 'webServiceConfig' of type [com.bankaya.deliverable.pokedex.pokeapp.config.WebServiceConfig$$EnhancerBySpringCGLIB$$454b94cd] is not eligible for getting processed by all BeanPostProcessors (for example: not eligible for auto-proxying)
2021-11-29 13:14:45 [main] INFO  o.s.c.s.PostProcessorRegistrationDelegate$BeanPostProcessorChecker - Bean 'org.springframework.ws.config.annotation.DelegatingWsConfiguration' of type [org.springframework.ws.config.annotation.DelegatingWsConfiguration$$EnhancerBySpringCGLIB$$1dd6ec2b] is not eligible for getting processed by all BeanPostProcessors (for example: not eligible for auto-proxying)
2021-11-29 13:14:45 [main] INFO  o.s.w.s.a.s.AnnotationActionEndpointMapping - Supporting [WS-Addressing August 2004, WS-Addressing 1.0]
2021-11-29 13:14:46 [main] INFO  o.s.b.w.e.tomcat.TomcatWebServer - Tomcat initialized with port(s): 0 (http)
2021-11-29 13:14:46 [main] INFO  o.a.coyote.http11.Http11NioProtocol - Initializing ProtocolHandler ["http-nio-auto-1"]
2021-11-29 13:14:46 [main] INFO  o.a.catalina.core.StandardService - Starting service [Tomcat]
2021-11-29 13:14:46 [main] INFO  o.a.catalina.core.StandardEngine - Starting Servlet engine: [Apache Tomcat/9.0.55]
2021-11-29 13:14:46 [main] INFO  o.a.c.c.C.[Tomcat].[localhost].[/] - Initializing Spring embedded WebApplicationContext
2021-11-29 13:14:46 [main] INFO  o.s.b.w.s.c.ServletWebServerApplicationContext - Root WebApplicationContext: initialization completed in 2318 ms
2021-11-29 13:14:46 [main] INFO  com.zaxxer.hikari.HikariDataSource - pokedexConnPool - Starting...
2021-11-29 13:14:46 [main] INFO  com.zaxxer.hikari.HikariDataSource - pokedexConnPool - Start completed.
2021-11-29 13:14:46 [main] INFO  o.s.b.a.h.H2ConsoleAutoConfiguration - H2 console available at '/h2-console'. Database available at 'jdbc:h2:mem:mydb'
2021-11-29 13:14:46 [main] INFO  o.h.jpa.internal.util.LogHelper - HHH000204: Processing PersistenceUnitInfo [name: default]
2021-11-29 13:14:47 [main] INFO  org.hibernate.Version - HHH000412: Hibernate ORM core version 5.6.1.Final
2021-11-29 13:14:47 [main] INFO  o.h.annotations.common.Version - HCANN000001: Hibernate Commons Annotations {5.1.2.Final}
2021-11-29 13:14:47 [main] INFO  org.hibernate.dialect.Dialect - HHH000400: Using dialect: org.hibernate.dialect.H2Dialect
2021-11-29 13:14:47 [main] INFO  o.h.e.t.j.p.i.JtaPlatformInitiator - HHH000490: Using JtaPlatform implementation: [org.hibernate.engine.transaction.jta.platform.internal.NoJtaPlatform]
2021-11-29 13:14:47 [main] INFO  o.s.o.j.LocalContainerEntityManagerFactoryBean - Initialized JPA EntityManagerFactory for persistence unit 'default'
2021-11-29 13:14:48 [main] WARN  o.s.b.a.o.j.JpaBaseConfiguration$JpaWebConfiguration - spring.jpa.open-in-view is enabled by default. Therefore, database queries may be performed during view rendering. Explicitly configure spring.jpa.open-in-view to disable this warning
2021-11-29 13:14:49 [main] INFO  o.a.coyote.http11.Http11NioProtocol - Starting ProtocolHandler ["http-nio-auto-1"]
2021-11-29 13:14:49 [main] INFO  o.s.b.w.e.tomcat.TomcatWebServer - Tomcat started on port(s): 51425 (http) with context path ''
2021-11-29 13:14:49 [main] INFO  c.b.d.p.p.e.ApplicationIntegrationTest - Started ApplicationIntegrationTest in 5.456 seconds (JVM running for 7.055)
2021-11-29 13:14:49 [main] INFO  o.s.w.s.saaj.SaajSoapMessageFactory - Creating SAAJ 1.3 MessageFactory with SOAP 1.1 Protocol
2021-11-29 13:14:49 [http-nio-auto-1-exec-1] INFO  o.a.c.c.C.[Tomcat].[localhost].[/] - Initializing Spring MessageDispatcherServlet 'messageDispatcherServlet'
2021-11-29 13:14:49 [http-nio-auto-1-exec-1] INFO  o.s.w.t.h.MessageDispatcherServlet - Initializing Servlet 'messageDispatcherServlet'
2021-11-29 13:14:49 [http-nio-auto-1-exec-1] INFO  o.s.w.s.saaj.SaajSoapMessageFactory - Creating SAAJ 1.3 MessageFactory with SOAP 1.1 Protocol
2021-11-29 13:14:49 [http-nio-auto-1-exec-1] INFO  o.s.w.t.h.MessageDispatcherServlet - Completed initialization in 0 ms
2021-11-29 13:14:50 [SpringApplicationShutdownHook] INFO  o.s.o.j.LocalContainerEntityManagerFactoryBean - Closing JPA EntityManagerFactory for persistence unit 'default'
2021-11-29 13:14:50 [SpringApplicationShutdownHook] INFO  o.h.t.s.i.SchemaDropperImpl$DelayedDropActionImpl - HHH000477: Starting delayed evictData of schema as part of SessionFactory shut-down'
2021-11-29 13:14:50 [SpringApplicationShutdownHook] WARN  o.h.e.jdbc.spi.SqlExceptionHelper - SQL Error: 90121, SQLState: 90121
2021-11-29 13:14:50 [SpringApplicationShutdownHook] ERROR o.h.e.jdbc.spi.SqlExceptionHelper - La base de datos ya esta cerrada (para des-habilitar el cerrado automatico durante el shutdown de la VM, agregue ";DB_CLOSE_ON_EXIT=FALSE" a la URL de conexión)
Database is already closed (to disable automatic closing at VM shutdown, add ";DB_CLOSE_ON_EXIT=FALSE" to the db URL) [90121-200]
2021-11-29 13:14:50 [SpringApplicationShutdownHook] WARN  o.h.e.jdbc.spi.SqlExceptionHelper - SQL Error: 90121, SQLState: 90121
2021-11-29 13:14:50 [SpringApplicationShutdownHook] ERROR o.h.e.jdbc.spi.SqlExceptionHelper - La base de datos ya esta cerrada (para des-habilitar el cerrado automatico durante el shutdown de la VM, agregue ";DB_CLOSE_ON_EXIT=FALSE" a la URL de conexión)
Database is already closed (to disable automatic closing at VM shutdown, add ";DB_CLOSE_ON_EXIT=FALSE" to the db URL) [90121-200]
2021-11-29 13:14:50 [SpringApplicationShutdownHook] WARN  o.s.b.f.s.DisposableBeanAdapter - Invocation of destroy method failed on bean with name 'entityManagerFactory': org.hibernate.exception.JDBCConnectionException: Unable to release JDBC Connection used for DDL execution
2021-11-29 13:14:50 [SpringApplicationShutdownHook] INFO  com.zaxxer.hikari.HikariDataSource - pokedexConnPool - Shutdown initiated...
2021-11-29 13:14:50 [SpringApplicationShutdownHook] INFO  com.zaxxer.hikari.HikariDataSource - pokedexConnPool - Shutdown completed.
2021-11-29 13:23:27 [main] INFO  o.s.b.t.c.SpringBootTestContextBootstrapper - Neither @ContextConfiguration nor @ContextHierarchy found for test class [com.bankaya.deliverable.pokedex.pokeapp.endpoint.PokeappIntegrationTest], using SpringBootContextLoader
2021-11-29 13:23:27 [main] INFO  o.s.t.c.s.AbstractContextLoader - Could not detect default resource locations for test class [com.bankaya.deliverable.pokedex.pokeapp.endpoint.PokeappIntegrationTest]: no resource found for suffixes {-context.xml, Context.groovy}.
2021-11-29 13:23:27 [main] INFO  o.s.t.c.s.AnnotationConfigContextLoaderUtils - Could not detect default configuration classes for test class [com.bankaya.deliverable.pokedex.pokeapp.endpoint.PokeappIntegrationTest]: ApplicationIntegrationTest does not declare any static, non-private, non-final, nested classes annotated with @Configuration.
2021-11-29 13:23:27 [main] INFO  o.s.b.t.c.SpringBootTestContextBootstrapper - Found @SpringBootConfiguration com.bankaya.deliverable.pokedex.pokeapp.PokeApplication for test class com.bankaya.deliverable.pokedex.pokeapp.endpoint.PokeappIntegrationTest
2021-11-29 13:23:27 [main] INFO  o.s.b.t.c.SpringBootTestContextBootstrapper - Loaded default TestExecutionListener class names from location [META-INF/spring.factories]: [org.springframework.boot.test.mock.mockito.MockitoTestExecutionListener, org.springframework.boot.test.mock.mockito.ResetMocksTestExecutionListener, org.springframework.boot.test.autoconfigure.restdocs.RestDocsTestExecutionListener, org.springframework.boot.test.autoconfigure.web.client.MockRestServiceServerResetTestExecutionListener, org.springframework.boot.test.autoconfigure.web.servlet.MockMvcPrintOnlyOnFailureTestExecutionListener, org.springframework.boot.test.autoconfigure.web.servlet.WebDriverTestExecutionListener, org.springframework.boot.test.autoconfigure.webservices.client.MockWebServiceServerTestExecutionListener, org.springframework.test.context.web.ServletTestExecutionListener, org.springframework.test.context.support.DirtiesContextBeforeModesTestExecutionListener, org.springframework.test.context.event.ApplicationEventsTestExecutionListener, org.springframework.test.context.support.DependencyInjectionTestExecutionListener, org.springframework.test.context.support.DirtiesContextTestExecutionListener, org.springframework.test.context.transaction.TransactionalTestExecutionListener, org.springframework.test.context.jdbc.SqlScriptsTestExecutionListener, org.springframework.test.context.event.EventPublishingTestExecutionListener]
2021-11-29 13:23:27 [main] INFO  o.s.b.t.c.SpringBootTestContextBootstrapper - Using TestExecutionListeners: [org.springframework.test.context.web.ServletTestExecutionListener@68ead359, org.springframework.test.context.support.DirtiesContextBeforeModesTestExecutionListener@6b53bcc2, org.springframework.test.context.event.ApplicationEventsTestExecutionListener@180da663, org.springframework.boot.test.mock.mockito.MockitoTestExecutionListener@a43ce46, org.springframework.boot.test.autoconfigure.SpringBootDependencyInjectionTestExecutionListener@340da44c, org.springframework.test.context.support.DirtiesContextTestExecutionListener@424ebba3, org.springframework.test.context.transaction.TransactionalTestExecutionListener@37052337, org.springframework.test.context.jdbc.SqlScriptsTestExecutionListener@2320fa6f, org.springframework.test.context.event.EventPublishingTestExecutionListener@7a560583, org.springframework.boot.test.mock.mockito.ResetMocksTestExecutionListener@4d722ac9, org.springframework.boot.test.autoconfigure.restdocs.RestDocsTestExecutionListener@53f0a4cb, org.springframework.boot.test.autoconfigure.web.client.MockRestServiceServerResetTestExecutionListener@77a7cf58, org.springframework.boot.test.autoconfigure.web.servlet.MockMvcPrintOnlyOnFailureTestExecutionListener@3d97a632, org.springframework.boot.test.autoconfigure.web.servlet.WebDriverTestExecutionListener@616fe72b, org.springframework.boot.test.autoconfigure.webservices.client.MockWebServiceServerTestExecutionListener@37efd131]
2021-11-29 13:23:27 [main] INFO  c.b.d.p.p.e.ApplicationIntegrationTest - Starting ApplicationIntegrationTest using Java 11.0.10 on LAPTOP-SC2LBLGV with PID 19800 (started by luis in C:\Users\luis_\Documents\learning\pokedex\pokeapp)
2021-11-29 13:23:27 [main] INFO  c.b.d.p.p.e.ApplicationIntegrationTest - No active profile set, falling back to default profiles: default
2021-11-29 13:23:28 [main] INFO  o.s.d.r.c.RepositoryConfigurationDelegate - Bootstrapping Spring Data JPA repositories in DEFAULT mode.
2021-11-29 13:23:28 [main] INFO  o.s.d.r.c.RepositoryConfigurationDelegate - Finished Spring Data repository scanning in 56 ms. Found 1 JPA repository interfaces.
2021-11-29 13:23:29 [main] INFO  o.s.c.s.PostProcessorRegistrationDelegate$BeanPostProcessorChecker - Bean 'webServiceConfig' of type [com.bankaya.deliverable.pokedex.pokeapp.config.WebServiceConfig$$EnhancerBySpringCGLIB$$e8a1f4cf] is not eligible for getting processed by all BeanPostProcessors (for example: not eligible for auto-proxying)
2021-11-29 13:23:29 [main] INFO  o.s.c.s.PostProcessorRegistrationDelegate$BeanPostProcessorChecker - Bean 'org.springframework.ws.config.annotation.DelegatingWsConfiguration' of type [org.springframework.ws.config.annotation.DelegatingWsConfiguration$$EnhancerBySpringCGLIB$$c12d4c2d] is not eligible for getting processed by all BeanPostProcessors (for example: not eligible for auto-proxying)
2021-11-29 13:23:29 [main] INFO  o.s.w.s.a.s.AnnotationActionEndpointMapping - Supporting [WS-Addressing August 2004, WS-Addressing 1.0]
2021-11-29 13:23:29 [main] INFO  o.s.b.w.e.tomcat.TomcatWebServer - Tomcat initialized with port(s): 0 (http)
2021-11-29 13:23:29 [main] INFO  o.a.coyote.http11.Http11NioProtocol - Initializing ProtocolHandler ["http-nio-auto-1"]
2021-11-29 13:23:29 [main] INFO  o.a.catalina.core.StandardService - Starting service [Tomcat]
2021-11-29 13:23:29 [main] INFO  o.a.catalina.core.StandardEngine - Starting Servlet engine: [Apache Tomcat/9.0.55]
2021-11-29 13:23:30 [main] INFO  o.a.c.c.C.[Tomcat].[localhost].[/] - Initializing Spring embedded WebApplicationContext
2021-11-29 13:23:30 [main] INFO  o.s.b.w.s.c.ServletWebServerApplicationContext - Root WebApplicationContext: initialization completed in 2307 ms
2021-11-29 13:23:30 [main] INFO  com.zaxxer.hikari.HikariDataSource - pokedexConnPool - Starting...
2021-11-29 13:23:30 [main] INFO  com.zaxxer.hikari.HikariDataSource - pokedexConnPool - Start completed.
2021-11-29 13:23:30 [main] INFO  o.s.b.a.h.H2ConsoleAutoConfiguration - H2 console available at '/h2-console'. Database available at 'jdbc:h2:mem:mydb'
2021-11-29 13:23:30 [main] INFO  o.h.jpa.internal.util.LogHelper - HHH000204: Processing PersistenceUnitInfo [name: default]
2021-11-29 13:23:30 [main] INFO  org.hibernate.Version - HHH000412: Hibernate ORM core version 5.6.1.Final
2021-11-29 13:23:31 [main] INFO  o.h.annotations.common.Version - HCANN000001: Hibernate Commons Annotations {5.1.2.Final}
2021-11-29 13:23:31 [main] INFO  org.hibernate.dialect.Dialect - HHH000400: Using dialect: org.hibernate.dialect.H2Dialect
2021-11-29 13:23:31 [main] INFO  o.h.e.t.j.p.i.JtaPlatformInitiator - HHH000490: Using JtaPlatform implementation: [org.hibernate.engine.transaction.jta.platform.internal.NoJtaPlatform]
2021-11-29 13:23:31 [main] INFO  o.s.o.j.LocalContainerEntityManagerFactoryBean - Initialized JPA EntityManagerFactory for persistence unit 'default'
2021-11-29 13:23:32 [main] WARN  o.s.b.a.o.j.JpaBaseConfiguration$JpaWebConfiguration - spring.jpa.open-in-view is enabled by default. Therefore, database queries may be performed during view rendering. Explicitly configure spring.jpa.open-in-view to disable this warning
2021-11-29 13:23:33 [main] INFO  o.a.coyote.http11.Http11NioProtocol - Starting ProtocolHandler ["http-nio-auto-1"]
2021-11-29 13:23:33 [main] INFO  o.s.b.w.e.tomcat.TomcatWebServer - Tomcat started on port(s): 51512 (http) with context path ''
2021-11-29 13:23:33 [main] INFO  c.b.d.p.p.e.ApplicationIntegrationTest - Started ApplicationIntegrationTest in 5.486 seconds (JVM running for 7.111)
2021-11-29 13:23:33 [main] INFO  o.s.w.s.saaj.SaajSoapMessageFactory - Creating SAAJ 1.3 MessageFactory with SOAP 1.1 Protocol
2021-11-29 13:23:33 [http-nio-auto-1-exec-1] INFO  o.a.c.c.C.[Tomcat].[localhost].[/] - Initializing Spring MessageDispatcherServlet 'messageDispatcherServlet'
2021-11-29 13:23:33 [http-nio-auto-1-exec-1] INFO  o.s.w.t.h.MessageDispatcherServlet - Initializing Servlet 'messageDispatcherServlet'
2021-11-29 13:23:33 [http-nio-auto-1-exec-1] INFO  o.s.w.s.saaj.SaajSoapMessageFactory - Creating SAAJ 1.3 MessageFactory with SOAP 1.1 Protocol
2021-11-29 13:23:33 [http-nio-auto-1-exec-1] INFO  o.s.w.t.h.MessageDispatcherServlet - Completed initialization in 6 ms
2021-11-29 13:23:34 [SpringApplicationShutdownHook] INFO  o.s.o.j.LocalContainerEntityManagerFactoryBean - Closing JPA EntityManagerFactory for persistence unit 'default'
2021-11-29 13:23:34 [SpringApplicationShutdownHook] INFO  o.h.t.s.i.SchemaDropperImpl$DelayedDropActionImpl - HHH000477: Starting delayed evictData of schema as part of SessionFactory shut-down'
2021-11-29 13:23:34 [SpringApplicationShutdownHook] INFO  com.zaxxer.hikari.HikariDataSource - pokedexConnPool - Shutdown initiated...
2021-11-29 13:23:34 [SpringApplicationShutdownHook] INFO  com.zaxxer.hikari.HikariDataSource - pokedexConnPool - Shutdown completed.
2021-11-29 13:25:54 [main] INFO  o.s.b.t.c.SpringBootTestContextBootstrapper - Neither @ContextConfiguration nor @ContextHierarchy found for test class [com.bankaya.deliverable.pokedex.pokeapp.endpoint.PokeappIntegrationTest], using SpringBootContextLoader
2021-11-29 13:25:54 [main] INFO  o.s.t.c.s.AbstractContextLoader - Could not detect default resource locations for test class [com.bankaya.deliverable.pokedex.pokeapp.endpoint.PokeappIntegrationTest]: no resource found for suffixes {-context.xml, Context.groovy}.
2021-11-29 13:25:54 [main] INFO  o.s.t.c.s.AnnotationConfigContextLoaderUtils - Could not detect default configuration classes for test class [com.bankaya.deliverable.pokedex.pokeapp.endpoint.PokeappIntegrationTest]: ApplicationIntegrationTest does not declare any static, non-private, non-final, nested classes annotated with @Configuration.
2021-11-29 13:25:54 [main] INFO  o.s.b.t.c.SpringBootTestContextBootstrapper - Found @SpringBootConfiguration com.bankaya.deliverable.pokedex.pokeapp.PokeApplication for test class com.bankaya.deliverable.pokedex.pokeapp.endpoint.PokeappIntegrationTest
2021-11-29 13:25:54 [main] INFO  o.s.b.t.c.SpringBootTestContextBootstrapper - Loaded default TestExecutionListener class names from location [META-INF/spring.factories]: [org.springframework.boot.test.mock.mockito.MockitoTestExecutionListener, org.springframework.boot.test.mock.mockito.ResetMocksTestExecutionListener, org.springframework.boot.test.autoconfigure.restdocs.RestDocsTestExecutionListener, org.springframework.boot.test.autoconfigure.web.client.MockRestServiceServerResetTestExecutionListener, org.springframework.boot.test.autoconfigure.web.servlet.MockMvcPrintOnlyOnFailureTestExecutionListener, org.springframework.boot.test.autoconfigure.web.servlet.WebDriverTestExecutionListener, org.springframework.boot.test.autoconfigure.webservices.client.MockWebServiceServerTestExecutionListener, org.springframework.test.context.web.ServletTestExecutionListener, org.springframework.test.context.support.DirtiesContextBeforeModesTestExecutionListener, org.springframework.test.context.event.ApplicationEventsTestExecutionListener, org.springframework.test.context.support.DependencyInjectionTestExecutionListener, org.springframework.test.context.support.DirtiesContextTestExecutionListener, org.springframework.test.context.transaction.TransactionalTestExecutionListener, org.springframework.test.context.jdbc.SqlScriptsTestExecutionListener, org.springframework.test.context.event.EventPublishingTestExecutionListener]
2021-11-29 13:25:54 [main] INFO  o.s.b.t.c.SpringBootTestContextBootstrapper - Using TestExecutionListeners: [org.springframework.test.context.web.ServletTestExecutionListener@68ead359, org.springframework.test.context.support.DirtiesContextBeforeModesTestExecutionListener@6b53bcc2, org.springframework.test.context.event.ApplicationEventsTestExecutionListener@180da663, org.springframework.boot.test.mock.mockito.MockitoTestExecutionListener@a43ce46, org.springframework.boot.test.autoconfigure.SpringBootDependencyInjectionTestExecutionListener@340da44c, org.springframework.test.context.support.DirtiesContextTestExecutionListener@424ebba3, org.springframework.test.context.transaction.TransactionalTestExecutionListener@37052337, org.springframework.test.context.jdbc.SqlScriptsTestExecutionListener@2320fa6f, org.springframework.test.context.event.EventPublishingTestExecutionListener@7a560583, org.springframework.boot.test.mock.mockito.ResetMocksTestExecutionListener@4d722ac9, org.springframework.boot.test.autoconfigure.restdocs.RestDocsTestExecutionListener@53f0a4cb, org.springframework.boot.test.autoconfigure.web.client.MockRestServiceServerResetTestExecutionListener@77a7cf58, org.springframework.boot.test.autoconfigure.web.servlet.MockMvcPrintOnlyOnFailureTestExecutionListener@3d97a632, org.springframework.boot.test.autoconfigure.web.servlet.WebDriverTestExecutionListener@616fe72b, org.springframework.boot.test.autoconfigure.webservices.client.MockWebServiceServerTestExecutionListener@37efd131]
2021-11-29 13:25:55 [main] INFO  c.b.d.p.p.e.ApplicationIntegrationTest - Starting ApplicationIntegrationTest using Java 11.0.10 on LAPTOP-SC2LBLGV with PID 13356 (started by luis in C:\Users\luis_\Documents\learning\pokedex\pokeapp)
2021-11-29 13:25:55 [main] INFO  c.b.d.p.p.e.ApplicationIntegrationTest - No active profile set, falling back to default profiles: default
2021-11-29 13:25:56 [main] INFO  o.s.d.r.c.RepositoryConfigurationDelegate - Bootstrapping Spring Data JPA repositories in DEFAULT mode.
2021-11-29 13:25:56 [main] INFO  o.s.d.r.c.RepositoryConfigurationDelegate - Finished Spring Data repository scanning in 60 ms. Found 1 JPA repository interfaces.
2021-11-29 13:25:56 [main] INFO  o.s.c.s.PostProcessorRegistrationDelegate$BeanPostProcessorChecker - Bean 'webServiceConfig' of type [com.bankaya.deliverable.pokedex.pokeapp.config.WebServiceConfig$$EnhancerBySpringCGLIB$$381b264c] is not eligible for getting processed by all BeanPostProcessors (for example: not eligible for auto-proxying)
2021-11-29 13:25:56 [main] INFO  o.s.c.s.PostProcessorRegistrationDelegate$BeanPostProcessorChecker - Bean 'org.springframework.ws.config.annotation.DelegatingWsConfiguration' of type [org.springframework.ws.config.annotation.DelegatingWsConfiguration$$EnhancerBySpringCGLIB$$10a67daa] is not eligible for getting processed by all BeanPostProcessors (for example: not eligible for auto-proxying)
2021-11-29 13:25:56 [main] INFO  o.s.w.s.a.s.AnnotationActionEndpointMapping - Supporting [WS-Addressing August 2004, WS-Addressing 1.0]
2021-11-29 13:25:57 [main] INFO  o.s.b.w.e.tomcat.TomcatWebServer - Tomcat initialized with port(s): 0 (http)
2021-11-29 13:25:57 [main] INFO  o.a.coyote.http11.Http11NioProtocol - Initializing ProtocolHandler ["http-nio-auto-1"]
2021-11-29 13:25:57 [main] INFO  o.a.catalina.core.StandardService - Starting service [Tomcat]
2021-11-29 13:25:57 [main] INFO  o.a.catalina.core.StandardEngine - Starting Servlet engine: [Apache Tomcat/9.0.55]
2021-11-29 13:25:57 [main] INFO  o.a.c.c.C.[Tomcat].[localhost].[/] - Initializing Spring embedded WebApplicationContext
2021-11-29 13:25:57 [main] INFO  o.s.b.w.s.c.ServletWebServerApplicationContext - Root WebApplicationContext: initialization completed in 2293 ms
2021-11-29 13:25:57 [main] INFO  com.zaxxer.hikari.HikariDataSource - pokedexConnPool - Starting...
2021-11-29 13:25:57 [main] INFO  com.zaxxer.hikari.HikariDataSource - pokedexConnPool - Start completed.
2021-11-29 13:25:57 [main] INFO  o.s.b.a.h.H2ConsoleAutoConfiguration - H2 console available at '/h2-console'. Database available at 'jdbc:h2:mem:mydb'
2021-11-29 13:25:58 [main] INFO  o.h.jpa.internal.util.LogHelper - HHH000204: Processing PersistenceUnitInfo [name: default]
2021-11-29 13:25:58 [main] INFO  org.hibernate.Version - HHH000412: Hibernate ORM core version 5.6.1.Final
2021-11-29 13:25:58 [main] INFO  o.h.annotations.common.Version - HCANN000001: Hibernate Commons Annotations {5.1.2.Final}
2021-11-29 13:25:58 [main] INFO  org.hibernate.dialect.Dialect - HHH000400: Using dialect: org.hibernate.dialect.H2Dialect
2021-11-29 13:25:59 [main] INFO  o.h.e.t.j.p.i.JtaPlatformInitiator - HHH000490: Using JtaPlatform implementation: [org.hibernate.engine.transaction.jta.platform.internal.NoJtaPlatform]
2021-11-29 13:25:59 [main] INFO  o.s.o.j.LocalContainerEntityManagerFactoryBean - Initialized JPA EntityManagerFactory for persistence unit 'default'
2021-11-29 13:25:59 [main] WARN  o.s.b.a.o.j.JpaBaseConfiguration$JpaWebConfiguration - spring.jpa.open-in-view is enabled by default. Therefore, database queries may be performed during view rendering. Explicitly configure spring.jpa.open-in-view to disable this warning
2021-11-29 13:26:00 [main] INFO  o.a.coyote.http11.Http11NioProtocol - Starting ProtocolHandler ["http-nio-auto-1"]
2021-11-29 13:26:00 [main] INFO  o.s.b.w.e.tomcat.TomcatWebServer - Tomcat started on port(s): 51526 (http) with context path ''
2021-11-29 13:26:00 [main] INFO  c.b.d.p.p.e.ApplicationIntegrationTest - Started ApplicationIntegrationTest in 5.529 seconds (JVM running for 7.132)
2021-11-29 13:26:00 [main] INFO  o.s.w.s.saaj.SaajSoapMessageFactory - Creating SAAJ 1.3 MessageFactory with SOAP 1.1 Protocol
2021-11-29 13:26:01 [SpringApplicationShutdownHook] INFO  o.s.o.j.LocalContainerEntityManagerFactoryBean - Closing JPA EntityManagerFactory for persistence unit 'default'
2021-11-29 13:26:01 [SpringApplicationShutdownHook] INFO  o.h.t.s.i.SchemaDropperImpl$DelayedDropActionImpl - HHH000477: Starting delayed evictData of schema as part of SessionFactory shut-down'
2021-11-29 13:26:01 [SpringApplicationShutdownHook] INFO  com.zaxxer.hikari.HikariDataSource - pokedexConnPool - Shutdown initiated...
2021-11-29 13:26:01 [SpringApplicationShutdownHook] INFO  com.zaxxer.hikari.HikariDataSource - pokedexConnPool - Shutdown completed.
2021-11-29 13:26:30 [main] INFO  o.s.b.t.c.SpringBootTestContextBootstrapper - Neither @ContextConfiguration nor @ContextHierarchy found for test class [com.bankaya.deliverable.pokedex.pokeapp.endpoint.PokeappIntegrationTest], using SpringBootContextLoader
2021-11-29 13:26:30 [main] INFO  o.s.t.c.s.AbstractContextLoader - Could not detect default resource locations for test class [com.bankaya.deliverable.pokedex.pokeapp.endpoint.PokeappIntegrationTest]: no resource found for suffixes {-context.xml, Context.groovy}.
2021-11-29 13:26:30 [main] INFO  o.s.t.c.s.AnnotationConfigContextLoaderUtils - Could not detect default configuration classes for test class [com.bankaya.deliverable.pokedex.pokeapp.endpoint.PokeappIntegrationTest]: ApplicationIntegrationTest does not declare any static, non-private, non-final, nested classes annotated with @Configuration.
2021-11-29 13:26:30 [main] INFO  o.s.b.t.c.SpringBootTestContextBootstrapper - Found @SpringBootConfiguration com.bankaya.deliverable.pokedex.pokeapp.PokeApplication for test class com.bankaya.deliverable.pokedex.pokeapp.endpoint.PokeappIntegrationTest
2021-11-29 13:26:31 [main] INFO  o.s.b.t.c.SpringBootTestContextBootstrapper - Loaded default TestExecutionListener class names from location [META-INF/spring.factories]: [org.springframework.boot.test.mock.mockito.MockitoTestExecutionListener, org.springframework.boot.test.mock.mockito.ResetMocksTestExecutionListener, org.springframework.boot.test.autoconfigure.restdocs.RestDocsTestExecutionListener, org.springframework.boot.test.autoconfigure.web.client.MockRestServiceServerResetTestExecutionListener, org.springframework.boot.test.autoconfigure.web.servlet.MockMvcPrintOnlyOnFailureTestExecutionListener, org.springframework.boot.test.autoconfigure.web.servlet.WebDriverTestExecutionListener, org.springframework.boot.test.autoconfigure.webservices.client.MockWebServiceServerTestExecutionListener, org.springframework.test.context.web.ServletTestExecutionListener, org.springframework.test.context.support.DirtiesContextBeforeModesTestExecutionListener, org.springframework.test.context.event.ApplicationEventsTestExecutionListener, org.springframework.test.context.support.DependencyInjectionTestExecutionListener, org.springframework.test.context.support.DirtiesContextTestExecutionListener, org.springframework.test.context.transaction.TransactionalTestExecutionListener, org.springframework.test.context.jdbc.SqlScriptsTestExecutionListener, org.springframework.test.context.event.EventPublishingTestExecutionListener]
2021-11-29 13:26:31 [main] INFO  o.s.b.t.c.SpringBootTestContextBootstrapper - Using TestExecutionListeners: [org.springframework.test.context.web.ServletTestExecutionListener@68ead359, org.springframework.test.context.support.DirtiesContextBeforeModesTestExecutionListener@6b53bcc2, org.springframework.test.context.event.ApplicationEventsTestExecutionListener@180da663, org.springframework.boot.test.mock.mockito.MockitoTestExecutionListener@a43ce46, org.springframework.boot.test.autoconfigure.SpringBootDependencyInjectionTestExecutionListener@340da44c, org.springframework.test.context.support.DirtiesContextTestExecutionListener@424ebba3, org.springframework.test.context.transaction.TransactionalTestExecutionListener@37052337, org.springframework.test.context.jdbc.SqlScriptsTestExecutionListener@2320fa6f, org.springframework.test.context.event.EventPublishingTestExecutionListener@7a560583, org.springframework.boot.test.mock.mockito.ResetMocksTestExecutionListener@4d722ac9, org.springframework.boot.test.autoconfigure.restdocs.RestDocsTestExecutionListener@53f0a4cb, org.springframework.boot.test.autoconfigure.web.client.MockRestServiceServerResetTestExecutionListener@77a7cf58, org.springframework.boot.test.autoconfigure.web.servlet.MockMvcPrintOnlyOnFailureTestExecutionListener@3d97a632, org.springframework.boot.test.autoconfigure.web.servlet.WebDriverTestExecutionListener@616fe72b, org.springframework.boot.test.autoconfigure.webservices.client.MockWebServiceServerTestExecutionListener@37efd131]
2021-11-29 13:26:31 [main] INFO  c.b.d.p.p.e.ApplicationIntegrationTest - Starting ApplicationIntegrationTest using Java 11.0.10 on LAPTOP-SC2LBLGV with PID 21312 (started by luis in C:\Users\luis_\Documents\learning\pokedex\pokeapp)
2021-11-29 13:26:31 [main] INFO  c.b.d.p.p.e.ApplicationIntegrationTest - No active profile set, falling back to default profiles: default
2021-11-29 13:26:32 [main] INFO  o.s.d.r.c.RepositoryConfigurationDelegate - Bootstrapping Spring Data JPA repositories in DEFAULT mode.
2021-11-29 13:26:32 [main] INFO  o.s.d.r.c.RepositoryConfigurationDelegate - Finished Spring Data repository scanning in 56 ms. Found 1 JPA repository interfaces.
2021-11-29 13:26:32 [main] INFO  o.s.c.s.PostProcessorRegistrationDelegate$BeanPostProcessorChecker - Bean 'webServiceConfig' of type [com.bankaya.deliverable.pokedex.pokeapp.config.WebServiceConfig$$EnhancerBySpringCGLIB$$4a89b6b1] is not eligible for getting processed by all BeanPostProcessors (for example: not eligible for auto-proxying)
2021-11-29 13:26:32 [main] INFO  o.s.c.s.PostProcessorRegistrationDelegate$BeanPostProcessorChecker - Bean 'org.springframework.ws.config.annotation.DelegatingWsConfiguration' of type [org.springframework.ws.config.annotation.DelegatingWsConfiguration$$EnhancerBySpringCGLIB$$23150e0f] is not eligible for getting processed by all BeanPostProcessors (for example: not eligible for auto-proxying)
2021-11-29 13:26:32 [main] INFO  o.s.w.s.a.s.AnnotationActionEndpointMapping - Supporting [WS-Addressing August 2004, WS-Addressing 1.0]
2021-11-29 13:26:33 [main] INFO  o.s.b.w.e.tomcat.TomcatWebServer - Tomcat initialized with port(s): 0 (http)
2021-11-29 13:26:33 [main] INFO  o.a.coyote.http11.Http11NioProtocol - Initializing ProtocolHandler ["http-nio-auto-1"]
2021-11-29 13:26:33 [main] INFO  o.a.catalina.core.StandardService - Starting service [Tomcat]
2021-11-29 13:26:33 [main] INFO  o.a.catalina.core.StandardEngine - Starting Servlet engine: [Apache Tomcat/9.0.55]
2021-11-29 13:26:33 [main] INFO  o.a.c.c.C.[Tomcat].[localhost].[/] - Initializing Spring embedded WebApplicationContext
2021-11-29 13:26:33 [main] INFO  o.s.b.w.s.c.ServletWebServerApplicationContext - Root WebApplicationContext: initialization completed in 2308 ms
2021-11-29 13:26:33 [main] INFO  com.zaxxer.hikari.HikariDataSource - pokedexConnPool - Starting...
2021-11-29 13:26:34 [main] INFO  com.zaxxer.hikari.HikariDataSource - pokedexConnPool - Start completed.
2021-11-29 13:26:34 [main] INFO  o.s.b.a.h.H2ConsoleAutoConfiguration - H2 console available at '/h2-console'. Database available at 'jdbc:h2:mem:mydb'
2021-11-29 13:26:34 [main] INFO  o.h.jpa.internal.util.LogHelper - HHH000204: Processing PersistenceUnitInfo [name: default]
2021-11-29 13:26:34 [main] INFO  org.hibernate.Version - HHH000412: Hibernate ORM core version 5.6.1.Final
2021-11-29 13:26:34 [main] INFO  o.h.annotations.common.Version - HCANN000001: Hibernate Commons Annotations {5.1.2.Final}
2021-11-29 13:26:34 [main] INFO  org.hibernate.dialect.Dialect - HHH000400: Using dialect: org.hibernate.dialect.H2Dialect
2021-11-29 13:26:35 [main] INFO  o.h.e.t.j.p.i.JtaPlatformInitiator - HHH000490: Using JtaPlatform implementation: [org.hibernate.engine.transaction.jta.platform.internal.NoJtaPlatform]
2021-11-29 13:26:35 [main] INFO  o.s.o.j.LocalContainerEntityManagerFactoryBean - Initialized JPA EntityManagerFactory for persistence unit 'default'
2021-11-29 13:26:36 [main] WARN  o.s.b.a.o.j.JpaBaseConfiguration$JpaWebConfiguration - spring.jpa.open-in-view is enabled by default. Therefore, database queries may be performed during view rendering. Explicitly configure spring.jpa.open-in-view to disable this warning
2021-11-29 13:26:36 [main] INFO  o.a.coyote.http11.Http11NioProtocol - Starting ProtocolHandler ["http-nio-auto-1"]
2021-11-29 13:26:36 [main] INFO  o.s.b.w.e.tomcat.TomcatWebServer - Tomcat started on port(s): 53755 (http) with context path ''
2021-11-29 13:26:36 [main] INFO  c.b.d.p.p.e.ApplicationIntegrationTest - Started ApplicationIntegrationTest in 5.42 seconds (JVM running for 7.104)
2021-11-29 13:26:36 [main] INFO  o.s.w.s.saaj.SaajSoapMessageFactory - Creating SAAJ 1.3 MessageFactory with SOAP 1.1 Protocol
2021-11-29 13:26:37 [http-nio-auto-1-exec-1] INFO  o.a.c.c.C.[Tomcat].[localhost].[/] - Initializing Spring MessageDispatcherServlet 'messageDispatcherServlet'
2021-11-29 13:26:37 [http-nio-auto-1-exec-1] INFO  o.s.w.t.h.MessageDispatcherServlet - Initializing Servlet 'messageDispatcherServlet'
2021-11-29 13:26:37 [http-nio-auto-1-exec-1] INFO  o.s.w.s.saaj.SaajSoapMessageFactory - Creating SAAJ 1.3 MessageFactory with SOAP 1.1 Protocol
2021-11-29 13:26:37 [http-nio-auto-1-exec-1] INFO  o.s.w.t.h.MessageDispatcherServlet - Completed initialization in 0 ms
2021-11-29 13:26:38 [SpringApplicationShutdownHook] INFO  o.s.o.j.LocalContainerEntityManagerFactoryBean - Closing JPA EntityManagerFactory for persistence unit 'default'
2021-11-29 13:26:38 [SpringApplicationShutdownHook] INFO  o.h.t.s.i.SchemaDropperImpl$DelayedDropActionImpl - HHH000477: Starting delayed evictData of schema as part of SessionFactory shut-down'
2021-11-29 13:26:38 [SpringApplicationShutdownHook] INFO  com.zaxxer.hikari.HikariDataSource - pokedexConnPool - Shutdown initiated...
2021-11-29 13:26:38 [SpringApplicationShutdownHook] INFO  com.zaxxer.hikari.HikariDataSource - pokedexConnPool - Shutdown completed.
2021-11-29 13:30:18 [main] INFO  o.s.b.t.c.SpringBootTestContextBootstrapper - Neither @ContextConfiguration nor @ContextHierarchy found for test class [com.bankaya.deliverable.pokedex.pokeapp.endpoint.PokeappIntegrationTest], using SpringBootContextLoader
2021-11-29 13:30:18 [main] INFO  o.s.t.c.s.AbstractContextLoader - Could not detect default resource locations for test class [com.bankaya.deliverable.pokedex.pokeapp.endpoint.PokeappIntegrationTest]: no resource found for suffixes {-context.xml, Context.groovy}.
2021-11-29 13:30:18 [main] INFO  o.s.t.c.s.AnnotationConfigContextLoaderUtils - Could not detect default configuration classes for test class [com.bankaya.deliverable.pokedex.pokeapp.endpoint.PokeappIntegrationTest]: ApplicationIntegrationTest does not declare any static, non-private, non-final, nested classes annotated with @Configuration.
2021-11-29 13:30:19 [main] INFO  o.s.b.t.c.SpringBootTestContextBootstrapper - Found @SpringBootConfiguration com.bankaya.deliverable.pokedex.pokeapp.PokeApplication for test class com.bankaya.deliverable.pokedex.pokeapp.endpoint.PokeappIntegrationTest
2021-11-29 13:30:19 [main] INFO  o.s.b.t.c.SpringBootTestContextBootstrapper - Loaded default TestExecutionListener class names from location [META-INF/spring.factories]: [org.springframework.boot.test.mock.mockito.MockitoTestExecutionListener, org.springframework.boot.test.mock.mockito.ResetMocksTestExecutionListener, org.springframework.boot.test.autoconfigure.restdocs.RestDocsTestExecutionListener, org.springframework.boot.test.autoconfigure.web.client.MockRestServiceServerResetTestExecutionListener, org.springframework.boot.test.autoconfigure.web.servlet.MockMvcPrintOnlyOnFailureTestExecutionListener, org.springframework.boot.test.autoconfigure.web.servlet.WebDriverTestExecutionListener, org.springframework.boot.test.autoconfigure.webservices.client.MockWebServiceServerTestExecutionListener, org.springframework.test.context.web.ServletTestExecutionListener, org.springframework.test.context.support.DirtiesContextBeforeModesTestExecutionListener, org.springframework.test.context.event.ApplicationEventsTestExecutionListener, org.springframework.test.context.support.DependencyInjectionTestExecutionListener, org.springframework.test.context.support.DirtiesContextTestExecutionListener, org.springframework.test.context.transaction.TransactionalTestExecutionListener, org.springframework.test.context.jdbc.SqlScriptsTestExecutionListener, org.springframework.test.context.event.EventPublishingTestExecutionListener]
2021-11-29 13:30:19 [main] INFO  o.s.b.t.c.SpringBootTestContextBootstrapper - Using TestExecutionListeners: [org.springframework.test.context.web.ServletTestExecutionListener@65fe9e33, org.springframework.test.context.support.DirtiesContextBeforeModesTestExecutionListener@18bc345, org.springframework.test.context.event.ApplicationEventsTestExecutionListener@42f8285e, org.springframework.boot.test.mock.mockito.MockitoTestExecutionListener@26bab2f1, org.springframework.boot.test.autoconfigure.SpringBootDependencyInjectionTestExecutionListener@3724af13, org.springframework.test.context.support.DirtiesContextTestExecutionListener@68ead359, org.springframework.test.context.transaction.TransactionalTestExecutionListener@6b53bcc2, org.springframework.test.context.jdbc.SqlScriptsTestExecutionListener@180da663, org.springframework.test.context.event.EventPublishingTestExecutionListener@a43ce46, org.springframework.boot.test.mock.mockito.ResetMocksTestExecutionListener@340da44c, org.springframework.boot.test.autoconfigure.restdocs.RestDocsTestExecutionListener@424ebba3, org.springframework.boot.test.autoconfigure.web.client.MockRestServiceServerResetTestExecutionListener@37052337, org.springframework.boot.test.autoconfigure.web.servlet.MockMvcPrintOnlyOnFailureTestExecutionListener@2320fa6f, org.springframework.boot.test.autoconfigure.web.servlet.WebDriverTestExecutionListener@7a560583, org.springframework.boot.test.autoconfigure.webservices.client.MockWebServiceServerTestExecutionListener@4d722ac9]
2021-11-29 13:30:19 [main] INFO  c.b.d.p.p.e.ApplicationIntegrationTest - Starting ApplicationIntegrationTest using Java 11.0.10 on LAPTOP-SC2LBLGV with PID 1756 (started by luis in C:\Users\luis_\Documents\learning\pokedex\pokeapp)
2021-11-29 13:30:19 [main] INFO  c.b.d.p.p.e.ApplicationIntegrationTest - No active profile set, falling back to default profiles: default
2021-11-29 13:30:20 [main] INFO  o.s.d.r.c.RepositoryConfigurationDelegate - Bootstrapping Spring Data JPA repositories in DEFAULT mode.
2021-11-29 13:30:20 [main] INFO  o.s.d.r.c.RepositoryConfigurationDelegate - Finished Spring Data repository scanning in 60 ms. Found 1 JPA repository interfaces.
2021-11-29 13:30:21 [main] INFO  o.s.c.s.PostProcessorRegistrationDelegate$BeanPostProcessorChecker - Bean 'webServiceConfig' of type [com.bankaya.deliverable.pokedex.pokeapp.config.WebServiceConfig$$EnhancerBySpringCGLIB$$762ad4ef] is not eligible for getting processed by all BeanPostProcessors (for example: not eligible for auto-proxying)
2021-11-29 13:30:21 [main] INFO  o.s.c.s.PostProcessorRegistrationDelegate$BeanPostProcessorChecker - Bean 'org.springframework.ws.config.annotation.DelegatingWsConfiguration' of type [org.springframework.ws.config.annotation.DelegatingWsConfiguration$$EnhancerBySpringCGLIB$$4eb62c4d] is not eligible for getting processed by all BeanPostProcessors (for example: not eligible for auto-proxying)
2021-11-29 13:30:21 [main] INFO  o.s.w.s.a.s.AnnotationActionEndpointMapping - Supporting [WS-Addressing August 2004, WS-Addressing 1.0]
2021-11-29 13:30:21 [main] INFO  o.s.b.w.e.tomcat.TomcatWebServer - Tomcat initialized with port(s): 0 (http)
2021-11-29 13:30:21 [main] INFO  o.a.coyote.http11.Http11NioProtocol - Initializing ProtocolHandler ["http-nio-auto-1"]
2021-11-29 13:30:21 [main] INFO  o.a.catalina.core.StandardService - Starting service [Tomcat]
2021-11-29 13:30:21 [main] INFO  o.a.catalina.core.StandardEngine - Starting Servlet engine: [Apache Tomcat/9.0.55]
2021-11-29 13:30:22 [main] INFO  o.a.c.c.C.[Tomcat].[localhost].[/] - Initializing Spring embedded WebApplicationContext
2021-11-29 13:30:22 [main] INFO  o.s.b.w.s.c.ServletWebServerApplicationContext - Root WebApplicationContext: initialization completed in 2223 ms
2021-11-29 13:30:22 [main] INFO  com.zaxxer.hikari.HikariDataSource - pokedexConnPool - Starting...
2021-11-29 13:30:22 [main] INFO  com.zaxxer.hikari.HikariDataSource - pokedexConnPool - Start completed.
2021-11-29 13:30:22 [main] INFO  o.s.b.a.h.H2ConsoleAutoConfiguration - H2 console available at '/h2-console'. Database available at 'jdbc:h2:mem:mydb'
2021-11-29 13:30:22 [main] INFO  o.h.jpa.internal.util.LogHelper - HHH000204: Processing PersistenceUnitInfo [name: default]
2021-11-29 13:30:22 [main] INFO  org.hibernate.Version - HHH000412: Hibernate ORM core version 5.6.1.Final
2021-11-29 13:30:23 [main] INFO  o.h.annotations.common.Version - HCANN000001: Hibernate Commons Annotations {5.1.2.Final}
2021-11-29 13:30:23 [main] INFO  org.hibernate.dialect.Dialect - HHH000400: Using dialect: org.hibernate.dialect.H2Dialect
2021-11-29 13:30:23 [main] INFO  o.h.e.t.j.p.i.JtaPlatformInitiator - HHH000490: Using JtaPlatform implementation: [org.hibernate.engine.transaction.jta.platform.internal.NoJtaPlatform]
2021-11-29 13:30:23 [main] INFO  o.s.o.j.LocalContainerEntityManagerFactoryBean - Initialized JPA EntityManagerFactory for persistence unit 'default'
2021-11-29 13:30:24 [main] WARN  o.s.b.a.o.j.JpaBaseConfiguration$JpaWebConfiguration - spring.jpa.open-in-view is enabled by default. Therefore, database queries may be performed during view rendering. Explicitly configure spring.jpa.open-in-view to disable this warning
2021-11-29 13:30:25 [main] INFO  o.a.coyote.http11.Http11NioProtocol - Starting ProtocolHandler ["http-nio-auto-1"]
2021-11-29 13:30:25 [main] INFO  o.s.b.w.e.tomcat.TomcatWebServer - Tomcat started on port(s): 53772 (http) with context path ''
2021-11-29 13:30:25 [main] INFO  c.b.d.p.p.e.ApplicationIntegrationTest - Started ApplicationIntegrationTest in 5.665 seconds (JVM running for 7.471)
2021-11-29 13:30:25 [main] INFO  o.s.w.s.saaj.SaajSoapMessageFactory - Creating SAAJ 1.3 MessageFactory with SOAP 1.1 Protocol
2021-11-29 13:30:25 [main] INFO  o.s.w.s.saaj.SaajSoapMessageFactory - Creating SAAJ 1.3 MessageFactory with SOAP 1.1 Protocol
2021-11-29 13:30:25 [http-nio-auto-1-exec-1] INFO  o.a.c.c.C.[Tomcat].[localhost].[/] - Initializing Spring MessageDispatcherServlet 'messageDispatcherServlet'
2021-11-29 13:30:25 [http-nio-auto-1-exec-1] INFO  o.s.w.t.h.MessageDispatcherServlet - Initializing Servlet 'messageDispatcherServlet'
2021-11-29 13:30:25 [http-nio-auto-1-exec-1] INFO  o.s.w.s.saaj.SaajSoapMessageFactory - Creating SAAJ 1.3 MessageFactory with SOAP 1.1 Protocol
2021-11-29 13:30:25 [http-nio-auto-1-exec-1] INFO  o.s.w.t.h.MessageDispatcherServlet - Completed initialization in 0 ms
2021-11-29 13:30:26 [main] INFO  o.s.w.s.saaj.SaajSoapMessageFactory - Creating SAAJ 1.3 MessageFactory with SOAP 1.1 Protocol
2021-11-29 13:30:26 [main] INFO  o.s.w.s.saaj.SaajSoapMessageFactory - Creating SAAJ 1.3 MessageFactory with SOAP 1.1 Protocol
2021-11-29 13:30:27 [SpringApplicationShutdownHook] INFO  o.s.o.j.LocalContainerEntityManagerFactoryBean - Closing JPA EntityManagerFactory for persistence unit 'default'
2021-11-29 13:30:27 [SpringApplicationShutdownHook] INFO  o.h.t.s.i.SchemaDropperImpl$DelayedDropActionImpl - HHH000477: Starting delayed evictData of schema as part of SessionFactory shut-down'
2021-11-29 13:30:27 [SpringApplicationShutdownHook] INFO  com.zaxxer.hikari.HikariDataSource - pokedexConnPool - Shutdown initiated...
2021-11-29 13:30:27 [SpringApplicationShutdownHook] INFO  com.zaxxer.hikari.HikariDataSource - pokedexConnPool - Shutdown completed.
2021-11-29 15:10:34 [main] INFO  o.s.b.t.c.SpringBootTestContextBootstrapper - Neither @ContextConfiguration nor @ContextHierarchy found for test class [com.bankaya.deliverable.pokedex.pokeapp.endpoint.PokeappIntegrationTest], using SpringBootContextLoader
2021-11-29 15:10:34 [main] INFO  o.s.t.c.s.AbstractContextLoader - Could not detect default resource locations for test class [com.bankaya.deliverable.pokedex.pokeapp.endpoint.PokeappIntegrationTest]: no resource found for suffixes {-context.xml, Context.groovy}.
2021-11-29 15:10:34 [main] INFO  o.s.t.c.s.AnnotationConfigContextLoaderUtils - Could not detect default configuration classes for test class [com.bankaya.deliverable.pokedex.pokeapp.endpoint.PokeappIntegrationTest]: PokeappIntegrationTest does not declare any static, non-private, non-final, nested classes annotated with @Configuration.
2021-11-29 15:10:35 [main] INFO  o.s.b.t.c.SpringBootTestContextBootstrapper - Found @SpringBootConfiguration com.bankaya.deliverable.pokedex.pokeapp.PokeApplication for test class com.bankaya.deliverable.pokedex.pokeapp.endpoint.PokeappIntegrationTest
2021-11-29 15:10:35 [main] INFO  o.s.b.t.c.SpringBootTestContextBootstrapper - Loaded default TestExecutionListener class names from location [META-INF/spring.factories]: [org.springframework.boot.test.mock.mockito.MockitoTestExecutionListener, org.springframework.boot.test.mock.mockito.ResetMocksTestExecutionListener, org.springframework.boot.test.autoconfigure.restdocs.RestDocsTestExecutionListener, org.springframework.boot.test.autoconfigure.web.client.MockRestServiceServerResetTestExecutionListener, org.springframework.boot.test.autoconfigure.web.servlet.MockMvcPrintOnlyOnFailureTestExecutionListener, org.springframework.boot.test.autoconfigure.web.servlet.WebDriverTestExecutionListener, org.springframework.boot.test.autoconfigure.webservices.client.MockWebServiceServerTestExecutionListener, org.springframework.test.context.web.ServletTestExecutionListener, org.springframework.test.context.support.DirtiesContextBeforeModesTestExecutionListener, org.springframework.test.context.event.ApplicationEventsTestExecutionListener, org.springframework.test.context.support.DependencyInjectionTestExecutionListener, org.springframework.test.context.support.DirtiesContextTestExecutionListener, org.springframework.test.context.transaction.TransactionalTestExecutionListener, org.springframework.test.context.jdbc.SqlScriptsTestExecutionListener, org.springframework.test.context.event.EventPublishingTestExecutionListener]
2021-11-29 15:10:35 [main] INFO  o.s.b.t.c.SpringBootTestContextBootstrapper - Using TestExecutionListeners: [org.springframework.test.context.web.ServletTestExecutionListener@61c9c3fd, org.springframework.test.context.support.DirtiesContextBeforeModesTestExecutionListener@3b0c9195, org.springframework.test.context.event.ApplicationEventsTestExecutionListener@366c4480, org.springframework.boot.test.mock.mockito.MockitoTestExecutionListener@2c7b5824, org.springframework.boot.test.autoconfigure.SpringBootDependencyInjectionTestExecutionListener@302a07d, org.springframework.test.context.support.DirtiesContextTestExecutionListener@5cdd09b1, org.springframework.test.context.transaction.TransactionalTestExecutionListener@8c11eee, org.springframework.test.context.jdbc.SqlScriptsTestExecutionListener@7e8dcdaa, org.springframework.test.context.event.EventPublishingTestExecutionListener@681a8b4e, org.springframework.boot.test.mock.mockito.ResetMocksTestExecutionListener@5cbe877d, org.springframework.boot.test.autoconfigure.restdocs.RestDocsTestExecutionListener@5c08c46a, org.springframework.boot.test.autoconfigure.web.client.MockRestServiceServerResetTestExecutionListener@4cf8b2dc, org.springframework.boot.test.autoconfigure.web.servlet.MockMvcPrintOnlyOnFailureTestExecutionListener@708400f6, org.springframework.boot.test.autoconfigure.web.servlet.WebDriverTestExecutionListener@5829e4f4, org.springframework.boot.test.autoconfigure.webservices.client.MockWebServiceServerTestExecutionListener@4218500f]
2021-11-29 15:10:35 [main] INFO  c.b.d.p.p.e.PokeappIntegrationTest - Starting PokeappIntegrationTest using Java 11.0.10 on LAPTOP-SC2LBLGV with PID 22344 (started by luis in C:\Users\luis_\Documents\learning\pokedex\pokeapp)
2021-11-29 15:10:35 [main] INFO  c.b.d.p.p.e.PokeappIntegrationTest - No active profile set, falling back to default profiles: default
2021-11-29 15:10:36 [main] INFO  o.s.d.r.c.RepositoryConfigurationDelegate - Bootstrapping Spring Data JPA repositories in DEFAULT mode.
2021-11-29 15:10:36 [main] INFO  o.s.d.r.c.RepositoryConfigurationDelegate - Finished Spring Data repository scanning in 54 ms. Found 1 JPA repository interfaces.
2021-11-29 15:10:36 [main] INFO  o.s.c.s.PostProcessorRegistrationDelegate$BeanPostProcessorChecker - Bean 'webServiceConfig' of type [com.bankaya.deliverable.pokedex.pokeapp.config.WebServiceConfig$$EnhancerBySpringCGLIB$$76d2b736] is not eligible for getting processed by all BeanPostProcessors (for example: not eligible for auto-proxying)
2021-11-29 15:10:36 [main] INFO  o.s.c.s.PostProcessorRegistrationDelegate$BeanPostProcessorChecker - Bean 'org.springframework.ws.config.annotation.DelegatingWsConfiguration' of type [org.springframework.ws.config.annotation.DelegatingWsConfiguration$$EnhancerBySpringCGLIB$$4f5e0e94] is not eligible for getting processed by all BeanPostProcessors (for example: not eligible for auto-proxying)
2021-11-29 15:10:36 [main] INFO  o.s.w.s.a.s.AnnotationActionEndpointMapping - Supporting [WS-Addressing August 2004, WS-Addressing 1.0]
2021-11-29 15:10:37 [main] INFO  o.s.b.w.e.tomcat.TomcatWebServer - Tomcat initialized with port(s): 0 (http)
2021-11-29 15:10:37 [main] INFO  o.a.coyote.http11.Http11NioProtocol - Initializing ProtocolHandler ["http-nio-auto-1"]
2021-11-29 15:10:37 [main] INFO  o.a.catalina.core.StandardService - Starting service [Tomcat]
2021-11-29 15:10:37 [main] INFO  o.a.catalina.core.StandardEngine - Starting Servlet engine: [Apache Tomcat/9.0.55]
2021-11-29 15:10:37 [main] INFO  o.a.c.c.C.[Tomcat].[localhost].[/] - Initializing Spring embedded WebApplicationContext
2021-11-29 15:10:37 [main] INFO  o.s.b.w.s.c.ServletWebServerApplicationContext - Root WebApplicationContext: initialization completed in 2119 ms
2021-11-29 15:10:37 [main] INFO  com.zaxxer.hikari.HikariDataSource - pokedexConnPool - Starting...
2021-11-29 15:10:38 [main] INFO  com.zaxxer.hikari.HikariDataSource - pokedexConnPool - Start completed.
2021-11-29 15:10:38 [main] INFO  o.s.b.a.h.H2ConsoleAutoConfiguration - H2 console available at '/h2-console'. Database available at 'jdbc:h2:mem:mydb'
2021-11-29 15:10:38 [main] INFO  o.h.jpa.internal.util.LogHelper - HHH000204: Processing PersistenceUnitInfo [name: default]
2021-11-29 15:10:38 [main] INFO  org.hibernate.Version - HHH000412: Hibernate ORM core version 5.6.1.Final
2021-11-29 15:10:38 [main] INFO  o.h.annotations.common.Version - HCANN000001: Hibernate Commons Annotations {5.1.2.Final}
2021-11-29 15:10:38 [main] INFO  org.hibernate.dialect.Dialect - HHH000400: Using dialect: org.hibernate.dialect.H2Dialect
2021-11-29 15:10:39 [main] INFO  o.h.e.t.j.p.i.JtaPlatformInitiator - HHH000490: Using JtaPlatform implementation: [org.hibernate.engine.transaction.jta.platform.internal.NoJtaPlatform]
2021-11-29 15:10:39 [main] INFO  o.s.o.j.LocalContainerEntityManagerFactoryBean - Initialized JPA EntityManagerFactory for persistence unit 'default'
2021-11-29 15:10:39 [main] WARN  o.s.b.a.o.j.JpaBaseConfiguration$JpaWebConfiguration - spring.jpa.open-in-view is enabled by default. Therefore, database queries may be performed during view rendering. Explicitly configure spring.jpa.open-in-view to disable this warning
2021-11-29 15:10:40 [main] INFO  o.a.coyote.http11.Http11NioProtocol - Starting ProtocolHandler ["http-nio-auto-1"]
2021-11-29 15:10:40 [main] INFO  o.s.b.w.e.tomcat.TomcatWebServer - Tomcat started on port(s): 57823 (http) with context path ''
2021-11-29 15:10:40 [main] INFO  c.b.d.p.p.e.PokeappIntegrationTest - Started PokeappIntegrationTest in 5.071 seconds (JVM running for 6.635)
2021-11-29 15:10:40 [main] INFO  o.s.w.s.saaj.SaajSoapMessageFactory - Creating SAAJ 1.3 MessageFactory with SOAP 1.1 Protocol
2021-11-29 15:10:40 [main] INFO  o.s.w.s.saaj.SaajSoapMessageFactory - Creating SAAJ 1.3 MessageFactory with SOAP 1.1 Protocol
2021-11-29 15:10:40 [http-nio-auto-1-exec-1] INFO  o.a.c.c.C.[Tomcat].[localhost].[/] - Initializing Spring MessageDispatcherServlet 'messageDispatcherServlet'
2021-11-29 15:10:40 [http-nio-auto-1-exec-1] INFO  o.s.w.t.h.MessageDispatcherServlet - Initializing Servlet 'messageDispatcherServlet'
2021-11-29 15:10:40 [http-nio-auto-1-exec-1] INFO  o.s.w.s.saaj.SaajSoapMessageFactory - Creating SAAJ 1.3 MessageFactory with SOAP 1.1 Protocol
2021-11-29 15:10:40 [http-nio-auto-1-exec-1] INFO  o.s.w.t.h.MessageDispatcherServlet - Completed initialization in 0 ms
2021-11-29 15:10:42 [SpringApplicationShutdownHook] INFO  o.s.o.j.LocalContainerEntityManagerFactoryBean - Closing JPA EntityManagerFactory for persistence unit 'default'
2021-11-29 15:10:42 [SpringApplicationShutdownHook] INFO  o.h.t.s.i.SchemaDropperImpl$DelayedDropActionImpl - HHH000477: Starting delayed evictData of schema as part of SessionFactory shut-down'
2021-11-29 15:10:42 [SpringApplicationShutdownHook] INFO  com.zaxxer.hikari.HikariDataSource - pokedexConnPool - Shutdown initiated...
2021-11-29 15:10:42 [SpringApplicationShutdownHook] INFO  com.zaxxer.hikari.HikariDataSource - pokedexConnPool - Shutdown completed.
2021-11-29 15:11:18 [main] INFO  o.s.b.t.c.SpringBootTestContextBootstrapper - Neither @ContextConfiguration nor @ContextHierarchy found for test class [com.bankaya.deliverable.pokedex.pokeapp.endpoint.PokeappIntegrationTest], using SpringBootContextLoader
2021-11-29 15:11:18 [main] INFO  o.s.t.c.s.AbstractContextLoader - Could not detect default resource locations for test class [com.bankaya.deliverable.pokedex.pokeapp.endpoint.PokeappIntegrationTest]: no resource found for suffixes {-context.xml, Context.groovy}.
2021-11-29 15:11:18 [main] INFO  o.s.t.c.s.AnnotationConfigContextLoaderUtils - Could not detect default configuration classes for test class [com.bankaya.deliverable.pokedex.pokeapp.endpoint.PokeappIntegrationTest]: PokeappIntegrationTest does not declare any static, non-private, non-final, nested classes annotated with @Configuration.
2021-11-29 15:11:18 [main] INFO  o.s.b.t.c.SpringBootTestContextBootstrapper - Found @SpringBootConfiguration com.bankaya.deliverable.pokedex.pokeapp.PokeApplication for test class com.bankaya.deliverable.pokedex.pokeapp.endpoint.PokeappIntegrationTest
2021-11-29 15:11:18 [main] INFO  o.s.b.t.c.SpringBootTestContextBootstrapper - Loaded default TestExecutionListener class names from location [META-INF/spring.factories]: [org.springframework.boot.test.mock.mockito.MockitoTestExecutionListener, org.springframework.boot.test.mock.mockito.ResetMocksTestExecutionListener, org.springframework.boot.test.autoconfigure.restdocs.RestDocsTestExecutionListener, org.springframework.boot.test.autoconfigure.web.client.MockRestServiceServerResetTestExecutionListener, org.springframework.boot.test.autoconfigure.web.servlet.MockMvcPrintOnlyOnFailureTestExecutionListener, org.springframework.boot.test.autoconfigure.web.servlet.WebDriverTestExecutionListener, org.springframework.boot.test.autoconfigure.webservices.client.MockWebServiceServerTestExecutionListener, org.springframework.test.context.web.ServletTestExecutionListener, org.springframework.test.context.support.DirtiesContextBeforeModesTestExecutionListener, org.springframework.test.context.event.ApplicationEventsTestExecutionListener, org.springframework.test.context.support.DependencyInjectionTestExecutionListener, org.springframework.test.context.support.DirtiesContextTestExecutionListener, org.springframework.test.context.transaction.TransactionalTestExecutionListener, org.springframework.test.context.jdbc.SqlScriptsTestExecutionListener, org.springframework.test.context.event.EventPublishingTestExecutionListener]
2021-11-29 15:11:18 [main] INFO  o.s.b.t.c.SpringBootTestContextBootstrapper - Using TestExecutionListeners: [org.springframework.test.context.web.ServletTestExecutionListener@77a7cf58, org.springframework.test.context.support.DirtiesContextBeforeModesTestExecutionListener@3d97a632, org.springframework.test.context.event.ApplicationEventsTestExecutionListener@616fe72b, org.springframework.boot.test.mock.mockito.MockitoTestExecutionListener@37efd131, org.springframework.boot.test.autoconfigure.SpringBootDependencyInjectionTestExecutionListener@7e7b159b, org.springframework.test.context.support.DirtiesContextTestExecutionListener@7e5d9a50, org.springframework.test.context.transaction.TransactionalTestExecutionListener@60957c0f, org.springframework.test.context.jdbc.SqlScriptsTestExecutionListener@293a5f75, org.springframework.test.context.event.EventPublishingTestExecutionListener@fcb4004, org.springframework.boot.test.mock.mockito.ResetMocksTestExecutionListener@1dd6d4b7, org.springframework.boot.test.autoconfigure.restdocs.RestDocsTestExecutionListener@56e8b606, org.springframework.boot.test.autoconfigure.web.client.MockRestServiceServerResetTestExecutionListener@2dd29a59, org.springframework.boot.test.autoconfigure.web.servlet.MockMvcPrintOnlyOnFailureTestExecutionListener@784c3487, org.springframework.boot.test.autoconfigure.web.servlet.WebDriverTestExecutionListener@53142455, org.springframework.boot.test.autoconfigure.webservices.client.MockWebServiceServerTestExecutionListener@40dff0b7]
2021-11-29 15:11:19 [main] INFO  c.b.d.p.p.e.PokeappIntegrationTest - Starting PokeappIntegrationTest using Java 11.0.10 on LAPTOP-SC2LBLGV with PID 21176 (started by luis in C:\Users\luis_\Documents\learning\pokedex\pokeapp)
2021-11-29 15:11:19 [main] INFO  c.b.d.p.p.e.PokeappIntegrationTest - No active profile set, falling back to default profiles: default
2021-11-29 15:11:20 [main] INFO  o.s.d.r.c.RepositoryConfigurationDelegate - Bootstrapping Spring Data JPA repositories in DEFAULT mode.
2021-11-29 15:11:20 [main] INFO  o.s.d.r.c.RepositoryConfigurationDelegate - Finished Spring Data repository scanning in 51 ms. Found 1 JPA repository interfaces.
2021-11-29 15:11:20 [main] INFO  o.s.c.s.PostProcessorRegistrationDelegate$BeanPostProcessorChecker - Bean 'webServiceConfig' of type [com.bankaya.deliverable.pokedex.pokeapp.config.WebServiceConfig$$EnhancerBySpringCGLIB$$904e69bd] is not eligible for getting processed by all BeanPostProcessors (for example: not eligible for auto-proxying)
2021-11-29 15:11:20 [main] INFO  o.s.c.s.PostProcessorRegistrationDelegate$BeanPostProcessorChecker - Bean 'org.springframework.ws.config.annotation.DelegatingWsConfiguration' of type [org.springframework.ws.config.annotation.DelegatingWsConfiguration$$EnhancerBySpringCGLIB$$68d9c11b] is not eligible for getting processed by all BeanPostProcessors (for example: not eligible for auto-proxying)
2021-11-29 15:11:20 [main] INFO  o.s.w.s.a.s.AnnotationActionEndpointMapping - Supporting [WS-Addressing August 2004, WS-Addressing 1.0]
2021-11-29 15:11:21 [main] INFO  o.s.b.w.e.tomcat.TomcatWebServer - Tomcat initialized with port(s): 0 (http)
2021-11-29 15:11:21 [main] INFO  o.a.coyote.http11.Http11NioProtocol - Initializing ProtocolHandler ["http-nio-auto-1"]
2021-11-29 15:11:21 [main] INFO  o.a.catalina.core.StandardService - Starting service [Tomcat]
2021-11-29 15:11:21 [main] INFO  o.a.catalina.core.StandardEngine - Starting Servlet engine: [Apache Tomcat/9.0.55]
2021-11-29 15:11:21 [main] INFO  o.a.c.c.C.[Tomcat].[localhost].[/] - Initializing Spring embedded WebApplicationContext
2021-11-29 15:11:21 [main] INFO  o.s.b.w.s.c.ServletWebServerApplicationContext - Root WebApplicationContext: initialization completed in 2138 ms
2021-11-29 15:11:21 [main] INFO  com.zaxxer.hikari.HikariDataSource - pokedexConnPool - Starting...
2021-11-29 15:11:21 [main] INFO  com.zaxxer.hikari.HikariDataSource - pokedexConnPool - Start completed.
2021-11-29 15:11:21 [main] INFO  o.s.b.a.h.H2ConsoleAutoConfiguration - H2 console available at '/h2-console'. Database available at 'jdbc:h2:mem:mydb'
2021-11-29 15:11:22 [main] INFO  o.h.jpa.internal.util.LogHelper - HHH000204: Processing PersistenceUnitInfo [name: default]
2021-11-29 15:11:22 [main] INFO  org.hibernate.Version - HHH000412: Hibernate ORM core version 5.6.1.Final
2021-11-29 15:11:22 [main] INFO  o.h.annotations.common.Version - HCANN000001: Hibernate Commons Annotations {5.1.2.Final}
2021-11-29 15:11:22 [main] INFO  org.hibernate.dialect.Dialect - HHH000400: Using dialect: org.hibernate.dialect.H2Dialect
2021-11-29 15:11:22 [main] INFO  o.h.e.t.j.p.i.JtaPlatformInitiator - HHH000490: Using JtaPlatform implementation: [org.hibernate.engine.transaction.jta.platform.internal.NoJtaPlatform]
2021-11-29 15:11:22 [main] INFO  o.s.o.j.LocalContainerEntityManagerFactoryBean - Initialized JPA EntityManagerFactory for persistence unit 'default'
2021-11-29 15:11:23 [main] WARN  o.s.b.a.o.j.JpaBaseConfiguration$JpaWebConfiguration - spring.jpa.open-in-view is enabled by default. Therefore, database queries may be performed during view rendering. Explicitly configure spring.jpa.open-in-view to disable this warning
2021-11-29 15:11:24 [main] INFO  o.a.coyote.http11.Http11NioProtocol - Starting ProtocolHandler ["http-nio-auto-1"]
2021-11-29 15:11:24 [main] INFO  o.s.b.w.e.tomcat.TomcatWebServer - Tomcat started on port(s): 57837 (http) with context path ''
2021-11-29 15:11:24 [main] INFO  c.b.d.p.p.e.PokeappIntegrationTest - Started PokeappIntegrationTest in 5.114 seconds (JVM running for 6.67)
2021-11-29 15:11:24 [main] INFO  o.s.w.s.saaj.SaajSoapMessageFactory - Creating SAAJ 1.3 MessageFactory with SOAP 1.1 Protocol
2021-11-29 15:11:24 [main] INFO  o.s.w.s.saaj.SaajSoapMessageFactory - Creating SAAJ 1.3 MessageFactory with SOAP 1.1 Protocol
2021-11-29 15:11:24 [http-nio-auto-1-exec-1] INFO  o.a.c.c.C.[Tomcat].[localhost].[/] - Initializing Spring MessageDispatcherServlet 'messageDispatcherServlet'
2021-11-29 15:11:24 [http-nio-auto-1-exec-1] INFO  o.s.w.t.h.MessageDispatcherServlet - Initializing Servlet 'messageDispatcherServlet'
2021-11-29 15:11:24 [http-nio-auto-1-exec-1] INFO  o.s.w.s.saaj.SaajSoapMessageFactory - Creating SAAJ 1.3 MessageFactory with SOAP 1.1 Protocol
2021-11-29 15:11:24 [http-nio-auto-1-exec-1] INFO  o.s.w.t.h.MessageDispatcherServlet - Completed initialization in 0 ms
2021-11-29 15:11:25 [main] INFO  o.s.w.s.saaj.SaajSoapMessageFactory - Creating SAAJ 1.3 MessageFactory with SOAP 1.1 Protocol
2021-11-29 15:11:25 [main] INFO  o.s.w.s.saaj.SaajSoapMessageFactory - Creating SAAJ 1.3 MessageFactory with SOAP 1.1 Protocol
2021-11-29 15:11:25 [main] INFO  o.s.w.s.saaj.SaajSoapMessageFactory - Creating SAAJ 1.3 MessageFactory with SOAP 1.1 Protocol
2021-11-29 15:11:25 [main] INFO  o.s.w.s.saaj.SaajSoapMessageFactory - Creating SAAJ 1.3 MessageFactory with SOAP 1.1 Protocol
2021-11-29 15:11:25 [main] INFO  o.s.w.s.saaj.SaajSoapMessageFactory - Creating SAAJ 1.3 MessageFactory with SOAP 1.1 Protocol
2021-11-29 15:11:25 [main] INFO  o.s.w.s.saaj.SaajSoapMessageFactory - Creating SAAJ 1.3 MessageFactory with SOAP 1.1 Protocol
2021-11-29 15:11:25 [main] INFO  o.s.w.s.saaj.SaajSoapMessageFactory - Creating SAAJ 1.3 MessageFactory with SOAP 1.1 Protocol
2021-11-29 15:11:25 [main] INFO  o.s.w.s.saaj.SaajSoapMessageFactory - Creating SAAJ 1.3 MessageFactory with SOAP 1.1 Protocol
2021-11-29 15:11:25 [main] INFO  o.s.w.s.saaj.SaajSoapMessageFactory - Creating SAAJ 1.3 MessageFactory with SOAP 1.1 Protocol
2021-11-29 15:11:25 [main] INFO  o.s.w.s.saaj.SaajSoapMessageFactory - Creating SAAJ 1.3 MessageFactory with SOAP 1.1 Protocol
2021-11-29 15:11:26 [SpringApplicationShutdownHook] INFO  o.s.o.j.LocalContainerEntityManagerFactoryBean - Closing JPA EntityManagerFactory for persistence unit 'default'
2021-11-29 15:11:26 [SpringApplicationShutdownHook] INFO  o.h.t.s.i.SchemaDropperImpl$DelayedDropActionImpl - HHH000477: Starting delayed evictData of schema as part of SessionFactory shut-down'
2021-11-29 15:11:26 [SpringApplicationShutdownHook] WARN  o.h.e.jdbc.spi.SqlExceptionHelper - SQL Error: 90121, SQLState: 90121
2021-11-29 15:11:26 [SpringApplicationShutdownHook] ERROR o.h.e.jdbc.spi.SqlExceptionHelper - La base de datos ya esta cerrada (para des-habilitar el cerrado automatico durante el shutdown de la VM, agregue ";DB_CLOSE_ON_EXIT=FALSE" a la URL de conexión)
Database is already closed (to disable automatic closing at VM shutdown, add ";DB_CLOSE_ON_EXIT=FALSE" to the db URL) [90121-200]
2021-11-29 15:11:26 [SpringApplicationShutdownHook] WARN  o.h.e.jdbc.spi.SqlExceptionHelper - SQL Error: 90121, SQLState: 90121
2021-11-29 15:11:26 [SpringApplicationShutdownHook] ERROR o.h.e.jdbc.spi.SqlExceptionHelper - La base de datos ya esta cerrada (para des-habilitar el cerrado automatico durante el shutdown de la VM, agregue ";DB_CLOSE_ON_EXIT=FALSE" a la URL de conexión)
Database is already closed (to disable automatic closing at VM shutdown, add ";DB_CLOSE_ON_EXIT=FALSE" to the db URL) [90121-200]
2021-11-29 15:11:26 [SpringApplicationShutdownHook] WARN  o.s.b.f.s.DisposableBeanAdapter - Invocation of destroy method failed on bean with name 'entityManagerFactory': org.hibernate.exception.JDBCConnectionException: Unable to release JDBC Connection used for DDL execution
2021-11-29 15:11:26 [SpringApplicationShutdownHook] INFO  com.zaxxer.hikari.HikariDataSource - pokedexConnPool - Shutdown initiated...
2021-11-29 15:11:26 [SpringApplicationShutdownHook] INFO  com.zaxxer.hikari.HikariDataSource - pokedexConnPool - Shutdown completed.
2021-11-29 17:10:24 [main] INFO  c.b.d.p.pokeapp.PokeApplication - Starting PokeApplication using Java 11.0.11 on LAPTOP-SC2LBLGV with PID 13184 (C:\Users\luis_\Documents\learning\pokedex\pokeapp\target\classes started by luis in C:\Users\luis_\Documents\learning\pokedex\pokeapp)
2021-11-29 17:10:24 [main] INFO  c.b.d.p.pokeapp.PokeApplication - No active profile set, falling back to default profiles: default
2021-11-29 17:10:25 [main] INFO  o.s.d.r.c.RepositoryConfigurationDelegate - Bootstrapping Spring Data JPA repositories in DEFAULT mode.
2021-11-29 17:10:25 [main] INFO  o.s.d.r.c.RepositoryConfigurationDelegate - Finished Spring Data repository scanning in 38 ms. Found 1 JPA repository interfaces.
2021-11-29 17:10:25 [main] INFO  o.s.c.s.PostProcessorRegistrationDelegate$BeanPostProcessorChecker - Bean 'webServiceConfig' of type [com.bankaya.deliverable.pokedex.pokeapp.config.WebServiceConfig$$EnhancerBySpringCGLIB$$e265856d] is not eligible for getting processed by all BeanPostProcessors (for example: not eligible for auto-proxying)
2021-11-29 17:10:25 [main] INFO  o.s.c.s.PostProcessorRegistrationDelegate$BeanPostProcessorChecker - Bean 'org.springframework.ws.config.annotation.DelegatingWsConfiguration' of type [org.springframework.ws.config.annotation.DelegatingWsConfiguration$$EnhancerBySpringCGLIB$$baf0dccb] is not eligible for getting processed by all BeanPostProcessors (for example: not eligible for auto-proxying)
2021-11-29 17:10:25 [main] INFO  o.s.w.s.a.s.AnnotationActionEndpointMapping - Supporting [WS-Addressing August 2004, WS-Addressing 1.0]
2021-11-29 17:10:26 [main] INFO  o.s.b.w.e.tomcat.TomcatWebServer - Tomcat initialized with port(s): 8080 (http)
2021-11-29 17:10:26 [main] INFO  o.a.coyote.http11.Http11NioProtocol - Initializing ProtocolHandler ["http-nio-8080"]
2021-11-29 17:10:26 [main] INFO  o.a.catalina.core.StandardService - Starting service [Tomcat]
2021-11-29 17:10:26 [main] INFO  o.a.catalina.core.StandardEngine - Starting Servlet engine: [Apache Tomcat/9.0.55]
2021-11-29 17:10:26 [main] INFO  o.a.c.c.C.[Tomcat].[localhost].[/] - Initializing Spring embedded WebApplicationContext
2021-11-29 17:10:26 [main] INFO  o.s.b.w.s.c.ServletWebServerApplicationContext - Root WebApplicationContext: initialization completed in 1678 ms
2021-11-29 17:10:26 [main] INFO  com.zaxxer.hikari.HikariDataSource - pokedexConnPool - Starting...
2021-11-29 17:10:26 [main] INFO  com.zaxxer.hikari.HikariDataSource - pokedexConnPool - Start completed.
2021-11-29 17:10:26 [main] INFO  o.s.b.a.h.H2ConsoleAutoConfiguration - H2 console available at '/h2-console'. Database available at 'jdbc:h2:mem:mydb'
2021-11-29 17:10:26 [main] INFO  o.h.jpa.internal.util.LogHelper - HHH000204: Processing PersistenceUnitInfo [name: default]
2021-11-29 17:10:26 [main] INFO  org.hibernate.Version - HHH000412: Hibernate ORM core version 5.6.1.Final
2021-11-29 17:10:26 [main] INFO  o.h.annotations.common.Version - HCANN000001: Hibernate Commons Annotations {5.1.2.Final}
2021-11-29 17:10:27 [main] INFO  org.hibernate.dialect.Dialect - HHH000400: Using dialect: org.hibernate.dialect.H2Dialect
2021-11-29 17:10:27 [main] INFO  o.h.e.t.j.p.i.JtaPlatformInitiator - HHH000490: Using JtaPlatform implementation: [org.hibernate.engine.transaction.jta.platform.internal.NoJtaPlatform]
2021-11-29 17:10:27 [main] INFO  o.s.o.j.LocalContainerEntityManagerFactoryBean - Initialized JPA EntityManagerFactory for persistence unit 'default'
2021-11-29 17:10:27 [main] WARN  o.s.b.a.o.j.JpaBaseConfiguration$JpaWebConfiguration - spring.jpa.open-in-view is enabled by default. Therefore, database queries may be performed during view rendering. Explicitly configure spring.jpa.open-in-view to disable this warning
2021-11-29 17:10:28 [main] INFO  o.a.coyote.http11.Http11NioProtocol - Starting ProtocolHandler ["http-nio-8080"]
2021-11-29 17:10:28 [main] INFO  o.s.b.w.e.tomcat.TomcatWebServer - Tomcat started on port(s): 8080 (http) with context path ''
2021-11-29 17:10:28 [main] INFO  c.b.d.p.pokeapp.PokeApplication - Started PokeApplication in 3.992 seconds (JVM running for 4.707)
2021-11-29 17:10:42 [http-nio-8080-exec-1] INFO  o.a.c.c.C.[Tomcat].[localhost].[/] - Initializing Spring MessageDispatcherServlet 'messageDispatcherServlet'
2021-11-29 17:10:42 [http-nio-8080-exec-1] INFO  o.s.w.t.h.MessageDispatcherServlet - Initializing Servlet 'messageDispatcherServlet'
2021-11-29 17:10:42 [http-nio-8080-exec-1] INFO  o.s.w.s.saaj.SaajSoapMessageFactory - Creating SAAJ 1.3 MessageFactory with SOAP 1.1 Protocol
2021-11-29 17:10:42 [http-nio-8080-exec-1] INFO  o.s.w.t.h.MessageDispatcherServlet - Completed initialization in 20 ms
2021-11-29 17:19:28 [SpringApplicationShutdownHook] INFO  o.s.o.j.LocalContainerEntityManagerFactoryBean - Closing JPA EntityManagerFactory for persistence unit 'default'
2021-11-29 17:19:28 [SpringApplicationShutdownHook] INFO  o.h.t.s.i.SchemaDropperImpl$DelayedDropActionImpl - HHH000477: Starting delayed evictData of schema as part of SessionFactory shut-down'
2021-11-29 17:19:28 [SpringApplicationShutdownHook] INFO  com.zaxxer.hikari.HikariDataSource - pokedexConnPool - Shutdown initiated...
2021-11-29 17:19:28 [SpringApplicationShutdownHook] INFO  com.zaxxer.hikari.HikariDataSource - pokedexConnPool - Shutdown completed.
